Start testing: Dec 07 10:31 EST
----------------------------------------------------------
1/40 Testing: ctest_Betweenness
1/40 Test: ctest_Betweenness
Command: "/home/afanasyev/LAGraph/build/src/test/test_Betweenness"
Directory: /home/afanasyev/LAGraph/build/src/test
"ctest_Betweenness" start time: Dec 07 10:31 EST
Output:
----------------------------------------------------------
Test test_bc...                                 
karate bc:
karate:   err: 2.288818e-05

west0067 bc:
west0067: err: 4.673004e-05
[ OK ]
Test test_bc_brutal...                          
brutal test at line  304: LG_nmalloc: 46
method: LAGraph_VertexCentrality_Betweenness (&centrality, G, karate_sources, 4, msg)
brutal test at line  304: LG_nmalloc: 48, succeeded with 140 mallocs
karate:   err: 2.288818e-05
[ OK ]
SUCCESS: All unit tests have passed.
<end of output>
Test time =   0.02 sec
----------------------------------------------------------
Test Passed.
"ctest_Betweenness" end time: Dec 07 10:31 EST
"ctest_Betweenness" time elapsed: 00:00:00
----------------------------------------------------------

2/40 Testing: ctest_BreadthFirstSearch
2/40 Test: ctest_BreadthFirstSearch
Command: "/home/afanasyev/LAGraph/build/src/test/test_BreadthFirstSearch"
Directory: /home/afanasyev/LAGraph/build/src/test
"ctest_BreadthFirstSearch" start time: Dec 07 10:31 EST
Output:
----------------------------------------------------------
Test BreadthFirstSearch_invalid_graph...        [ OK ]
Test BreadthFirstSearch_invalid_src...          [ OK ]
Test BreadthFirstSearch_neither...              [ OK ]
Test BreadthFirstSearch_parent...               [ OK ]
Test BreadthFirstSearch_level...                [ OK ]
Test BreadthFirstSearch_both...                 [ OK ]
Test BreadthFirstSearch_many...                 
Matrix: A.mtx
src 0 n: 7 max level: 2 nvisited: 7
src 0 n: 7 max level: 2 nvisited: 7
src 2 n: 7 max level: 2 nvisited: 7
src 2 n: 7 max level: 2 nvisited: 7
src 4 n: 7 max level: 2 nvisited: 7
src 4 n: 7 max level: 2 nvisited: 7
src 6 n: 7 max level: 2 nvisited: 7
src 6 n: 7 max level: 2 nvisited: 7

Matrix: cover.mtx
src 0 n: 7 max level: 3 nvisited: 7
src 0 n: 7 max level: 3 nvisited: 7
src 2 n: 7 max level: 1 nvisited: 2
src 2 n: 7 max level: 1 nvisited: 2
src 4 n: 7 max level: 2 nvisited: 3
src 4 n: 7 max level: 2 nvisited: 3
src 6 n: 7 max level: 3 nvisited: 7
src 6 n: 7 max level: 3 nvisited: 7

Matrix: jagmesh7.mtx
src 0 n: 1138 max level: 54 nvisited: 1138
src 0 n: 1138 max level: 54 nvisited: 1138
src 853 n: 1138 max level: 48 nvisited: 1138
src 853 n: 1138 max level: 48 nvisited: 1138

Matrix: ldbc-cdlp-directed-example.mtx
src 0 n: 8 max level: 3 nvisited: 8
src 0 n: 8 max level: 3 nvisited: 8
src 3 n: 8 max level: 3 nvisited: 5
src 3 n: 8 max level: 3 nvisited: 5
src 6 n: 8 max level: 2 nvisited: 5
src 6 n: 8 max level: 2 nvisited: 5

Matrix: ldbc-cdlp-undirected-example.mtx
src 0 n: 8 max level: 3 nvisited: 8
src 0 n: 8 max level: 3 nvisited: 8
src 3 n: 8 max level: 4 nvisited: 8
src 3 n: 8 max level: 4 nvisited: 8
src 6 n: 8 max level: 2 nvisited: 8
src 6 n: 8 max level: 2 nvisited: 8

Matrix: ldbc-directed-example.mtx
src 0 n: 10 max level: 2 nvisited: 6
src 0 n: 10 max level: 2 nvisited: 6
src 3 n: 10 max level: 0 nvisited: 1
src 3 n: 10 max level: 0 nvisited: 1
src 6 n: 10 max level: 1 nvisited: 2
src 6 n: 10 max level: 1 nvisited: 2
src 9 n: 10 max level: 0 nvisited: 1
src 9 n: 10 max level: 0 nvisited: 1

Matrix: ldbc-undirected-example.mtx
src 0 n: 9 max level: 4 nvisited: 9
src 0 n: 9 max level: 4 nvisited: 9
src 3 n: 9 max level: 2 nvisited: 9
src 3 n: 9 max level: 2 nvisited: 9
src 6 n: 9 max level: 2 nvisited: 9
src 6 n: 9 max level: 2 nvisited: 9

Matrix: ldbc-wcc-example.mtx
src 0 n: 10 max level: 3 nvisited: 10
src 0 n: 10 max level: 3 nvisited: 10
src 3 n: 10 max level: 2 nvisited: 10
src 3 n: 10 max level: 2 nvisited: 10
src 6 n: 10 max level: 3 nvisited: 10
src 6 n: 10 max level: 3 nvisited: 10
src 9 n: 10 max level: 3 nvisited: 10
src 9 n: 10 max level: 3 nvisited: 10

Matrix: LFAT5.mtx
src 0 n: 14 max level: 4 nvisited: 8
src 0 n: 14 max level: 4 nvisited: 8
src 4 n: 14 max level: 3 nvisited: 8
src 4 n: 14 max level: 3 nvisited: 8
src 8 n: 14 max level: 2 nvisited: 8
src 8 n: 14 max level: 2 nvisited: 8
src 12 n: 14 max level: 3 nvisited: 8
src 12 n: 14 max level: 3 nvisited: 8

Matrix: msf1.mtx
src 0 n: 6 max level: 2 nvisited: 5
src 0 n: 6 max level: 2 nvisited: 5
src 2 n: 6 max level: 1 nvisited: 2
src 2 n: 6 max level: 1 nvisited: 2
src 4 n: 6 max level: 3 nvisited: 4
src 4 n: 6 max level: 3 nvisited: 4

Matrix: msf2.mtx
src 0 n: 8 max level: 3 nvisited: 8
src 0 n: 8 max level: 3 nvisited: 8
src 3 n: 8 max level: 1 nvisited: 3
src 3 n: 8 max level: 1 nvisited: 3
src 6 n: 8 max level: 0 nvisited: 1
src 6 n: 8 max level: 0 nvisited: 1

Matrix: msf3.mtx
src 0 n: 5 max level: 2 nvisited: 5
src 0 n: 5 max level: 2 nvisited: 5
src 2 n: 5 max level: 1 nvisited: 3
src 2 n: 5 max level: 1 nvisited: 3
src 4 n: 5 max level: 0 nvisited: 1
src 4 n: 5 max level: 0 nvisited: 1

Matrix: sample2.mtx
src 0 n: 8 max level: 3 nvisited: 8
src 0 n: 8 max level: 3 nvisited: 8
src 3 n: 8 max level: 2 nvisited: 8
src 3 n: 8 max level: 2 nvisited: 8
src 6 n: 8 max level: 3 nvisited: 8
src 6 n: 8 max level: 3 nvisited: 8

Matrix: sample.mtx
src 0 n: 8 max level: 4 nvisited: 8
src 0 n: 8 max level: 4 nvisited: 8
src 3 n: 8 max level: 3 nvisited: 6
src 3 n: 8 max level: 3 nvisited: 6
src 6 n: 8 max level: 1 nvisited: 2
src 6 n: 8 max level: 1 nvisited: 2

Matrix: olm1000.mtx
src 0 n: 1000 max level: 499 nvisited: 1000
src 0 n: 1000 max level: 499 nvisited: 1000
src 750 n: 1000 max level: 375 nvisited: 1000
src 750 n: 1000 max level: 375 nvisited: 1000

Matrix: bcsstk13.mtx
LG_check_bfs init  time: 0.000118122 sec
LG_check_bfs bfs   time: 0.000155844 sec
LG_check_bfs check time: 0.000115823 sec
src 0 n: 2003 max level: 11 nvisited: 2003
LG_check_bfs init  time: 0.000227522 sec
LG_check_bfs bfs   time: 0.000150993 sec
LG_check_bfs check time: 0.00011 sec
src 0 n: 2003 max level: 11 nvisited: 2003
LG_check_bfs init  time: 5.54994e-05 sec
LG_check_bfs bfs   time: 0.000145532 sec
LG_check_bfs check time: 0.000105061 sec
LG_check_bfs init  time: 5.75297e-05 sec
LG_check_bfs bfs   time: 0.000146993 sec
LG_check_bfs check time: 0.000105232 sec
LG_check_bfs init  time: 5.54435e-05 sec
LG_check_bfs bfs   time: 0.000144761 sec
LG_check_bfs check time: 4.04939e-06 sec
LG_check_bfs init  time: 5.72689e-05 sec
LG_check_bfs bfs   time: 0.000146445 sec
LG_check_bfs check time: 4.06057e-06 sec
LG_check_bfs init  time: 0.000111222 sec
LG_check_bfs bfs   time: 0.000146899 sec
LG_check_bfs check time: 0.000107501 sec
LG_check_bfs init  time: 0.000222731 sec
LG_check_bfs bfs   time: 0.000150364 sec
LG_check_bfs check time: 0.000109263 sec
LG_check_bfs init  time: 5.53019e-05 sec
LG_check_bfs bfs   time: 0.000146102 sec
LG_check_bfs check time: 0.000105493 sec
LG_check_bfs init  time: 5.79916e-05 sec
LG_check_bfs bfs   time: 0.00014637 sec
LG_check_bfs check time: 0.000107229 sec
LG_check_bfs init  time: 5.55441e-05 sec
LG_check_bfs bfs   time: 0.000144932 sec
LG_check_bfs check time: 4.03821e-06 sec
LG_check_bfs init  time: 5.72912e-05 sec
LG_check_bfs bfs   time: 0.000145275 sec
LG_check_bfs check time: 4.12017e-06 sec
LG_check_bfs init  time: 0.000118881 sec
LG_check_bfs bfs   time: 0.000149611 sec
LG_check_bfs check time: 0.000120029 sec
src 1502 n: 2003 max level: 9 nvisited: 2003
LG_check_bfs init  time: 0.000234883 sec
LG_check_bfs bfs   time: 0.000154182 sec
LG_check_bfs check time: 0.000120021 sec
src 1502 n: 2003 max level: 9 nvisited: 2003
LG_check_bfs init  time: 5.55329e-05 sec
LG_check_bfs bfs   time: 0.000147954 sec
LG_check_bfs check time: 0.000115 sec
LG_check_bfs init  time: 5.75781e-05 sec
LG_check_bfs bfs   time: 0.000149112 sec
LG_check_bfs check time: 0.000115402 sec
LG_check_bfs init  time: 5.54621e-05 sec
LG_check_bfs bfs   time: 0.000147715 sec
LG_check_bfs check time: 4.04939e-06 sec
LG_check_bfs init  time: 5.86323e-05 sec
LG_check_bfs bfs   time: 0.000148419 sec
LG_check_bfs check time: 3.90038e-06 sec
LG_check_bfs init  time: 0.000110842 sec
LG_check_bfs bfs   time: 0.000149753 sec
LG_check_bfs check time: 0.000116441 sec
LG_check_bfs init  time: 0.000225801 sec
LG_check_bfs bfs   time: 0.00015239 sec
LG_check_bfs check time: 0.000118222 sec
LG_check_bfs init  time: 5.56298e-05 sec
LG_check_bfs bfs   time: 0.000148833 sec
LG_check_bfs check time: 0.000112891 sec
LG_check_bfs init  time: 5.77904e-05 sec
LG_check_bfs bfs   time: 0.000149414 sec
LG_check_bfs check time: 0.000114009 sec
LG_check_bfs init  time: 5.54323e-05 sec
LG_check_bfs bfs   time: 0.000148442 sec
LG_check_bfs check time: 4.01214e-06 sec
LG_check_bfs init  time: 5.78202e-05 sec
LG_check_bfs bfs   time: 0.000146963 sec
LG_check_bfs check time: 3.66941e-06 sec

Matrix: cryg2500.mtx
LG_check_bfs init  time: 0.000147048 sec
LG_check_bfs bfs   time: 2.75895e-05 sec
LG_check_bfs check time: 8.04514e-05 sec
src 0 n: 2500 max level: 97 nvisited: 2500
LG_check_bfs init  time: 0.000312634 sec
LG_check_bfs bfs   time: 2.90796e-05 sec
LG_check_bfs check time: 6.73197e-05 sec
src 0 n: 2500 max level: 97 nvisited: 2500
LG_check_bfs init  time: 6.81877e-05 sec
LG_check_bfs bfs   time: 2.43895e-05 sec
LG_check_bfs check time: 7.16634e-05 sec
LG_check_bfs init  time: 6.85602e-05 sec
LG_check_bfs bfs   time: 2.5183e-05 sec
LG_check_bfs check time: 6.44326e-05 sec
LG_check_bfs init  time: 6.82808e-05 sec
LG_check_bfs bfs   time: 2.48291e-05 sec
LG_check_bfs check time: 3.42727e-06 sec
LG_check_bfs init  time: 6.80089e-05 sec
LG_check_bfs bfs   time: 2.44305e-05 sec
LG_check_bfs check time: 3.08827e-06 sec
LG_check_bfs init  time: 0.0001343 sec
LG_check_bfs bfs   time: 2.44603e-05 sec
LG_check_bfs check time: 7.43307e-05 sec
LG_check_bfs init  time: 0.000309192 sec
LG_check_bfs bfs   time: 2.90684e-05 sec
LG_check_bfs check time: 7.10711e-05 sec
LG_check_bfs init  time: 6.79083e-05 sec
LG_check_bfs bfs   time: 2.48179e-05 sec
LG_check_bfs check time: 7.21999e-05 sec
LG_check_bfs init  time: 6.83405e-05 sec
LG_check_bfs bfs   time: 2.47806e-05 sec
LG_check_bfs check time: 6.37695e-05 sec
LG_check_bfs init  time: 6.80313e-05 sec
LG_check_bfs bfs   time: 2.48887e-05 sec
LG_check_bfs check time: 3.12179e-06 sec
LG_check_bfs init  time: 6.77705e-05 sec
LG_check_bfs bfs   time: 2.46018e-05 sec
LG_check_bfs check time: 3.22983e-06 sec
LG_check_bfs init  time: 0.000134293 sec
LG_check_bfs bfs   time: 2.84724e-05 sec
LG_check_bfs check time: 7.74525e-05 sec
src 1875 n: 2500 max level: 63 nvisited: 2500
LG_check_bfs init  time: 0.000309683 sec
LG_check_bfs bfs   time: 3.19183e-05 sec
LG_check_bfs check time: 7.24792e-05 sec
src 1875 n: 2500 max level: 63 nvisited: 2500
LG_check_bfs init  time: 6.82734e-05 sec
LG_check_bfs bfs   time: 2.73287e-05 sec
LG_check_bfs check time: 7.64616e-05 sec
LG_check_bfs init  time: 6.83218e-05 sec
LG_check_bfs bfs   time: 2.81781e-05 sec
LG_check_bfs check time: 6.78897e-05 sec
LG_check_bfs init  time: 6.82324e-05 sec
LG_check_bfs bfs   time: 2.75783e-05 sec
LG_check_bfs check time: 3.36021e-06 sec
LG_check_bfs init  time: 6.81728e-05 sec
LG_check_bfs bfs   time: 2.68407e-05 sec
LG_check_bfs check time: 3.4906e-06 sec
LG_check_bfs init  time: 0.000134263 sec
LG_check_bfs bfs   time: 2.68891e-05 sec
LG_check_bfs check time: 7.75084e-05 sec
LG_check_bfs init  time: 0.000310276 sec
LG_check_bfs bfs   time: 3.14787e-05 sec
LG_check_bfs check time: 7.04303e-05 sec
LG_check_bfs init  time: 6.80014e-05 sec
LG_check_bfs bfs   time: 2.69897e-05 sec
LG_check_bfs check time: 7.96579e-05 sec
LG_check_bfs init  time: 6.83405e-05 sec
LG_check_bfs bfs   time: 2.74889e-05 sec
LG_check_bfs check time: 6.7912e-05 sec
LG_check_bfs init  time: 6.78301e-05 sec
LG_check_bfs bfs   time: 2.75709e-05 sec
LG_check_bfs check time: 3.14787e-06 sec
LG_check_bfs init  time: 6.77183e-05 sec
LG_check_bfs bfs   time: 2.70568e-05 sec
LG_check_bfs check time: 3.01003e-06 sec

Matrix: tree-example.mtx
src 0 n: 6 max level: 4 nvisited: 6
src 0 n: 6 max level: 4 nvisited: 6
src 2 n: 6 max level: 3 nvisited: 6
src 2 n: 6 max level: 3 nvisited: 6
src 4 n: 6 max level: 2 nvisited: 6
src 4 n: 6 max level: 2 nvisited: 6

Matrix: west0067.mtx
src 0 n: 67 max level: 5 nvisited: 67
src 0 n: 67 max level: 5 nvisited: 67
src 17 n: 67 max level: 4 nvisited: 67
src 17 n: 67 max level: 4 nvisited: 67
src 34 n: 67 max level: 4 nvisited: 67
src 34 n: 67 max level: 4 nvisited: 67
src 51 n: 67 max level: 4 nvisited: 67
src 51 n: 67 max level: 4 nvisited: 67

Matrix: karate.mtx
src 0 n: 34 max level: 3 nvisited: 34
src 0 n: 34 max level: 3 nvisited: 34
src 9 n: 34 max level: 4 nvisited: 34
src 9 n: 34 max level: 4 nvisited: 34
src 18 n: 34 max level: 5 nvisited: 34
src 18 n: 34 max level: 5 nvisited: 34
src 27 n: 34 max level: 4 nvisited: 34
src 27 n: 34 max level: 4 nvisited: 34

Matrix: matrix_bool.mtx
src 0 n: 7 max level: 3 nvisited: 7
src 0 n: 7 max level: 3 nvisited: 7
src 2 n: 7 max level: 1 nvisited: 2
src 2 n: 7 max level: 1 nvisited: 2
src 4 n: 7 max level: 2 nvisited: 3
src 4 n: 7 max level: 2 nvisited: 3
src 6 n: 7 max level: 3 nvisited: 7
src 6 n: 7 max level: 3 nvisited: 7

Matrix: skew_fp32.mtx
src 0 n: 6 max level: 2 nvisited: 6
src 0 n: 6 max level: 2 nvisited: 6
src 2 n: 6 max level: 2 nvisited: 6
src 2 n: 6 max level: 2 nvisited: 6
src 4 n: 6 max level: 2 nvisited: 6
src 4 n: 6 max level: 2 nvisited: 6

Matrix: pushpull.mtx
LG_check_bfs init  time: 0.000234425 sec
LG_check_bfs bfs   time: 0.000477515 sec
LG_check_bfs check time: 0.000148915 sec
src 0 n: 4000 max level: 2005 nvisited: 4000
LG_check_bfs init  time: 0.000363756 sec
LG_check_bfs bfs   time: 0.000466477 sec
LG_check_bfs check time: 0.000147082 sec
src 0 n: 4000 max level: 2005 nvisited: 4000
LG_check_bfs init  time: 0.000108603 sec
LG_check_bfs bfs   time: 0.000457887 sec
LG_check_bfs check time: 0.000143293 sec
LG_check_bfs init  time: 0.000109114 sec
LG_check_bfs bfs   time: 0.000459135 sec
LG_check_bfs check time: 0.000141609 sec
LG_check_bfs init  time: 0.00010867 sec
LG_check_bfs bfs   time: 0.000458777 sec
LG_check_bfs check time: 6.37025e-06 sec
LG_check_bfs init  time: 0.000108443 sec
LG_check_bfs bfs   time: 0.000462145 sec
LG_check_bfs check time: 8.3074e-06 sec
LG_check_bfs init  time: 0.000214752 sec
LG_check_bfs bfs   time: 0.000470966 sec
LG_check_bfs check time: 0.000147291 sec
LG_check_bfs init  time: 0.000358015 sec
LG_check_bfs bfs   time: 0.000459768 sec
LG_check_bfs check time: 0.000147142 sec
LG_check_bfs init  time: 0.000108223 sec
LG_check_bfs bfs   time: 0.000469815 sec
LG_check_bfs check time: 0.000141531 sec
LG_check_bfs init  time: 0.000113323 sec
LG_check_bfs bfs   time: 0.000457406 sec
LG_check_bfs check time: 0.00014114 sec
LG_check_bfs init  time: 0.000108425 sec
LG_check_bfs bfs   time: 0.000464525 sec
LG_check_bfs check time: 7.58842e-06 sec
LG_check_bfs init  time: 0.000109442 sec
LG_check_bfs bfs   time: 0.000457738 sec
LG_check_bfs check time: 6.29947e-06 sec
LG_check_bfs init  time: 0.000215042 sec
LG_check_bfs bfs   time: 0.000479087 sec
LG_check_bfs check time: 0.000148892 sec
src 3000 n: 4000 max level: 1006 nvisited: 4000
LG_check_bfs init  time: 0.000398424 sec
LG_check_bfs bfs   time: 0.000491276 sec
LG_check_bfs check time: 0.000147313 sec
src 3000 n: 4000 max level: 1006 nvisited: 4000
LG_check_bfs init  time: 0.000108592 sec
LG_check_bfs bfs   time: 0.000481505 sec
LG_check_bfs check time: 0.000142369 sec
LG_check_bfs init  time: 0.000108801 sec
LG_check_bfs bfs   time: 0.000481874 sec
LG_check_bfs check time: 0.000142481 sec
LG_check_bfs init  time: 0.000108555 sec
LG_check_bfs bfs   time: 0.000483934 sec
LG_check_bfs check time: 5.77047e-06 sec
LG_check_bfs init  time: 0.00010867 sec
LG_check_bfs bfs   time: 0.000487655 sec
LG_check_bfs check time: 6.18771e-06 sec
LG_check_bfs init  time: 0.000214532 sec
LG_check_bfs bfs   time: 0.000492364 sec
LG_check_bfs check time: 0.000146125 sec
LG_check_bfs init  time: 0.000396714 sec
LG_check_bfs bfs   time: 0.000485118 sec
LG_check_bfs check time: 0.000145391 sec
LG_check_bfs init  time: 0.000108622 sec
LG_check_bfs bfs   time: 0.000486448 sec
LG_check_bfs check time: 0.000142403 sec
LG_check_bfs init  time: 0.000108853 sec
LG_check_bfs bfs   time: 0.000479396 sec
LG_check_bfs check time: 0.000139933 sec
LG_check_bfs init  time: 0.000108242 sec
LG_check_bfs bfs   time: 0.000484828 sec
LG_check_bfs check time: 6.67945e-06 sec
LG_check_bfs init  time: 0.000108633 sec
LG_check_bfs bfs   time: 0.000476219 sec
LG_check_bfs check time: 6.13928e-06 sec
[ OK ]
Test BreadthFirstSearch_brutal...               
Matrix: A.mtx
brutal test at line  640: LG_nmalloc: 47
method: LAGraph_BreadthFirstSearch (&level, &parent, G, src, (_Bool) pushpull, msg)
brutal test at line  640: LG_nmalloc: 51, succeeded with 32 mallocs
brutal test at line  640: LG_nmalloc: 48
method: LAGraph_BreadthFirstSearch (&level, &parent, G, src, (_Bool) pushpull, msg)
brutal test at line  640: LG_nmalloc: 52, succeeded with 39 mallocs
brutal test at line  640: LG_nmalloc: 48
method: LAGraph_BreadthFirstSearch (&level, &parent, G, src, (_Bool) pushpull, msg)
brutal test at line  640: LG_nmalloc: 52, succeeded with 34 mallocs
brutal test at line  640: LG_nmalloc: 48
method: LAGraph_BreadthFirstSearch (&level, &parent, G, src, (_Bool) pushpull, msg)
brutal test at line  640: LG_nmalloc: 52, succeeded with 31 mallocs
brutal test at line  640: LG_nmalloc: 48
method: LAGraph_BreadthFirstSearch (&level, &parent, G, src, (_Bool) pushpull, msg)
brutal test at line  640: LG_nmalloc: 52, succeeded with 34 mallocs
brutal test at line  640: LG_nmalloc: 48
method: LAGraph_BreadthFirstSearch (&level, &parent, G, src, (_Bool) pushpull, msg)
brutal test at line  640: LG_nmalloc: 52, succeeded with 39 mallocs
brutal test at line  640: LG_nmalloc: 48
method: LAGraph_BreadthFirstSearch (&level, &parent, G, src, (_Bool) pushpull, msg)
brutal test at line  640: LG_nmalloc: 52, succeeded with 34 mallocs
brutal test at line  640: LG_nmalloc: 48
method: LAGraph_BreadthFirstSearch (&level, &parent, G, src, (_Bool) pushpull, msg)
brutal test at line  640: LG_nmalloc: 52, succeeded with 31 mallocs

Matrix: cover.mtx
brutal test at line  640: LG_nmalloc: 52
method: LAGraph_BreadthFirstSearch (&level, &parent, G, src, (_Bool) pushpull, msg)
brutal test at line  640: LG_nmalloc: 56, succeeded with 37 mallocs
brutal test at line  640: LG_nmalloc: 53
method: LAGraph_BreadthFirstSearch (&level, &parent, G, src, (_Bool) pushpull, msg)
brutal test at line  640: LG_nmalloc: 57, succeeded with 33 mallocs
brutal test at line  640: LG_nmalloc: 53
method: LAGraph_BreadthFirstSearch (&level, &parent, G, src, (_Bool) pushpull, msg)
brutal test at line  640: LG_nmalloc: 59, succeeded with 33 mallocs
brutal test at line  640: LG_nmalloc: 53
method: LAGraph_BreadthFirstSearch (&level, &parent, G, src, (_Bool) pushpull, msg)
brutal test at line  640: LG_nmalloc: 59, succeeded with 40 mallocs
brutal test at line  640: LG_nmalloc: 53
method: LAGraph_BreadthFirstSearch (&level, &parent, G, src, (_Bool) pushpull, msg)
brutal test at line  640: LG_nmalloc: 59, succeeded with 40 mallocs
brutal test at line  640: LG_nmalloc: 53
method: LAGraph_BreadthFirstSearch (&level, &parent, G, src, (_Bool) pushpull, msg)
brutal test at line  640: LG_nmalloc: 59, succeeded with 47 mallocs
brutal test at line  640: LG_nmalloc: 53
method: LAGraph_BreadthFirstSearch (&level, &parent, G, src, (_Bool) pushpull, msg)
brutal test at line  640: LG_nmalloc: 57, succeeded with 40 mallocs
brutal test at line  640: LG_nmalloc: 53
method: LAGraph_BreadthFirstSearch (&level, &parent, G, src, (_Bool) pushpull, msg)
brutal test at line  640: LG_nmalloc: 57, succeeded with 33 mallocs

Matrix: jagmesh7.mtx
skipped

Matrix: ldbc-cdlp-directed-example.mtx
brutal test at line  640: LG_nmalloc: 52
method: LAGraph_BreadthFirstSearch (&level, &parent, G, src, (_Bool) pushpull, msg)
brutal test at line  640: LG_nmalloc: 56, succeeded with 37 mallocs
brutal test at line  640: LG_nmalloc: 53
method: LAGraph_BreadthFirstSearch (&level, &parent, G, src, (_Bool) pushpull, msg)
brutal test at line  640: LG_nmalloc: 57, succeeded with 33 mallocs
brutal test at line  640: LG_nmalloc: 53
method: LAGraph_BreadthFirstSearch (&level, &parent, G, src, (_Bool) pushpull, msg)
brutal test at line  640: LG_nmalloc: 59, succeeded with 46 mallocs
brutal test at line  640: LG_nmalloc: 53
method: LAGraph_BreadthFirstSearch (&level, &parent, G, src, (_Bool) pushpull, msg)
brutal test at line  640: LG_nmalloc: 59, succeeded with 43 mallocs
brutal test at line  640: LG_nmalloc: 53
method: LAGraph_BreadthFirstSearch (&level, &parent, G, src, (_Bool) pushpull, msg)
brutal test at line  640: LG_nmalloc: 59, succeeded with 40 mallocs
brutal test at line  640: LG_nmalloc: 53
method: LAGraph_BreadthFirstSearch (&level, &parent, G, src, (_Bool) pushpull, msg)
brutal test at line  640: LG_nmalloc: 59, succeeded with 33 mallocs

Matrix: ldbc-cdlp-undirected-example.mtx
brutal test at line  640: LG_nmalloc: 47
method: LAGraph_BreadthFirstSearch (&level, &parent, G, src, (_Bool) pushpull, msg)
brutal test at line  640: LG_nmalloc: 51, succeeded with 37 mallocs
brutal test at line  640: LG_nmalloc: 48
method: LAGraph_BreadthFirstSearch (&level, &parent, G, src, (_Bool) pushpull, msg)
brutal test at line  640: LG_nmalloc: 52, succeeded with 33 mallocs
brutal test at line  640: LG_nmalloc: 48
method: LAGraph_BreadthFirstSearch (&level, &parent, G, src, (_Bool) pushpull, msg)
brutal test at line  640: LG_nmalloc: 52, succeeded with 46 mallocs
brutal test at line  640: LG_nmalloc: 48
method: LAGraph_BreadthFirstSearch (&level, &parent, G, src, (_Bool) pushpull, msg)
brutal test at line  640: LG_nmalloc: 52, succeeded with 35 mallocs
brutal test at line  640: LG_nmalloc: 48
method: LAGraph_BreadthFirstSearch (&level, &parent, G, src, (_Bool) pushpull, msg)
brutal test at line  640: LG_nmalloc: 52, succeeded with 34 mallocs
brutal test at line  640: LG_nmalloc: 48
method: LAGraph_BreadthFirstSearch (&level, &parent, G, src, (_Bool) pushpull, msg)
brutal test at line  640: LG_nmalloc: 52, succeeded with 31 mallocs

Matrix: ldbc-directed-example.mtx
brutal test at line  640: LG_nmalloc: 54
method: LAGraph_BreadthFirstSearch (&level, &parent, G, src, (_Bool) pushpull, msg)
brutal test at line  640: LG_nmalloc: 60, succeeded with 37 mallocs
brutal test at line  640: LG_nmalloc: 55
method: LAGraph_BreadthFirstSearch (&level, &parent, G, src, (_Bool) pushpull, msg)
brutal test at line  640: LG_nmalloc: 61, succeeded with 33 mallocs
brutal test at line  640: LG_nmalloc: 55
method: LAGraph_BreadthFirstSearch (&level, &parent, G, src, (_Bool) pushpull, msg)
brutal test at line  640: LG_nmalloc: 61, succeeded with 26 mallocs
brutal test at line  640: LG_nmalloc: 55
method: LAGraph_BreadthFirstSearch (&level, &parent, G, src, (_Bool) pushpull, msg)
brutal test at line  640: LG_nmalloc: 61, succeeded with 36 mallocs
brutal test at line  640: LG_nmalloc: 55
method: LAGraph_BreadthFirstSearch (&level, &parent, G, src, (_Bool) pushpull, msg)
brutal test at line  640: LG_nmalloc: 61, succeeded with 33 mallocs
brutal test at line  640: LG_nmalloc: 55
method: LAGraph_BreadthFirstSearch (&level, &parent, G, src, (_Bool) pushpull, msg)
brutal test at line  640: LG_nmalloc: 61, succeeded with 43 mallocs
brutal test at line  640: LG_nmalloc: 55
method: LAGraph_BreadthFirstSearch (&level, &parent, G, src, (_Bool) pushpull, msg)
brutal test at line  640: LG_nmalloc: 61, succeeded with 26 mallocs
brutal test at line  640: LG_nmalloc: 55
method: LAGraph_BreadthFirstSearch (&level, &parent, G, src, (_Bool) pushpull, msg)
brutal test at line  640: LG_nmalloc: 61, succeeded with 36 mallocs

Matrix: ldbc-undirected-example.mtx
brutal test at line  640: LG_nmalloc: 47
method: LAGraph_BreadthFirstSearch (&level, &parent, G, src, (_Bool) pushpull, msg)
brutal test at line  640: LG_nmalloc: 51, succeeded with 42 mallocs
brutal test at line  640: LG_nmalloc: 48
method: LAGraph_BreadthFirstSearch (&level, &parent, G, src, (_Bool) pushpull, msg)
brutal test at line  640: LG_nmalloc: 52, succeeded with 43 mallocs
brutal test at line  640: LG_nmalloc: 48
method: LAGraph_BreadthFirstSearch (&level, &parent, G, src, (_Bool) pushpull, msg)
brutal test at line  640: LG_nmalloc: 52, succeeded with 34 mallocs
brutal test at line  640: LG_nmalloc: 48
method: LAGraph_BreadthFirstSearch (&level, &parent, G, src, (_Bool) pushpull, msg)
brutal test at line  640: LG_nmalloc: 52, succeeded with 31 mallocs
brutal test at line  640: LG_nmalloc: 48
method: LAGraph_BreadthFirstSearch (&level, &parent, G, src, (_Bool) pushpull, msg)
brutal test at line  640: LG_nmalloc: 52, succeeded with 34 mallocs
brutal test at line  640: LG_nmalloc: 48
method: LAGraph_BreadthFirstSearch (&level, &parent, G, src, (_Bool) pushpull, msg)
brutal test at line  640: LG_nmalloc: 52, succeeded with 31 mallocs

Matrix: ldbc-wcc-example.mtx
brutal test at line  640: LG_nmalloc: 47
method: LAGraph_BreadthFirstSearch (&level, &parent, G, src, (_Bool) pushpull, msg)
brutal test at line  640: LG_nmalloc: 51, succeeded with 37 mallocs
brutal test at line  640: LG_nmalloc: 48
method: LAGraph_BreadthFirstSearch (&level, &parent, G, src, (_Bool) pushpull, msg)
brutal test at line  640: LG_nmalloc: 52, succeeded with 41 mallocs
brutal test at line  640: LG_nmalloc: 48
method: LAGraph_BreadthFirstSearch (&level, &parent, G, src, (_Bool) pushpull, msg)
brutal test at line  640: LG_nmalloc: 52, succeeded with 34 mallocs
brutal test at line  640: LG_nmalloc: 48
method: LAGraph_BreadthFirstSearch (&level, &parent, G, src, (_Bool) pushpull, msg)
brutal test at line  640: LG_nmalloc: 52, succeeded with 31 mallocs
brutal test at line  640: LG_nmalloc: 48
method: LAGraph_BreadthFirstSearch (&level, &parent, G, src, (_Bool) pushpull, msg)
brutal test at line  640: LG_nmalloc: 52, succeeded with 40 mallocs
brutal test at line  640: LG_nmalloc: 48
method: LAGraph_BreadthFirstSearch (&level, &parent, G, src, (_Bool) pushpull, msg)
brutal test at line  640: LG_nmalloc: 52, succeeded with 45 mallocs
brutal test at line  640: LG_nmalloc: 48
method: LAGraph_BreadthFirstSearch (&level, &parent, G, src, (_Bool) pushpull, msg)
brutal test at line  640: LG_nmalloc: 52, succeeded with 40 mallocs
brutal test at line  640: LG_nmalloc: 48
method: LAGraph_BreadthFirstSearch (&level, &parent, G, src, (_Bool) pushpull, msg)
brutal test at line  640: LG_nmalloc: 52, succeeded with 41 mallocs

Matrix: LFAT5.mtx
brutal test at line  640: LG_nmalloc: 47
method: LAGraph_BreadthFirstSearch (&level, &parent, G, src, (_Bool) pushpull, msg)
brutal test at line  640: LG_nmalloc: 53, succeeded with 47 mallocs
brutal test at line  640: LG_nmalloc: 48
method: LAGraph_BreadthFirstSearch (&level, &parent, G, src, (_Bool) pushpull, msg)
brutal test at line  640: LG_nmalloc: 54, succeeded with 45 mallocs
brutal test at line  640: LG_nmalloc: 48
method: LAGraph_BreadthFirstSearch (&level, &parent, G, src, (_Bool) pushpull, msg)
brutal test at line  640: LG_nmalloc: 54, succeeded with 46 mallocs
brutal test at line  640: LG_nmalloc: 48
method: LAGraph_BreadthFirstSearch (&level, &parent, G, src, (_Bool) pushpull, msg)
brutal test at line  640: LG_nmalloc: 54, succeeded with 43 mallocs
brutal test at line  640: LG_nmalloc: 48
method: LAGraph_BreadthFirstSearch (&level, &parent, G, src, (_Bool) pushpull, msg)
brutal test at line  640: LG_nmalloc: 54, succeeded with 40 mallocs
brutal test at line  640: LG_nmalloc: 48
method: LAGraph_BreadthFirstSearch (&level, &parent, G, src, (_Bool) pushpull, msg)
brutal test at line  640: LG_nmalloc: 54, succeeded with 41 mallocs
brutal test at line  640: LG_nmalloc: 48
method: LAGraph_BreadthFirstSearch (&level, &parent, G, src, (_Bool) pushpull, msg)
brutal test at line  640: LG_nmalloc: 54, succeeded with 46 mallocs
brutal test at line  640: LG_nmalloc: 48
method: LAGraph_BreadthFirstSearch (&level, &parent, G, src, (_Bool) pushpull, msg)
brutal test at line  640: LG_nmalloc: 54, succeeded with 43 mallocs

Matrix: msf1.mtx
brutal test at line  640: LG_nmalloc: 53
method: LAGraph_BreadthFirstSearch (&level, &parent, G, src, (_Bool) pushpull, msg)
brutal test at line  640: LG_nmalloc: 59, succeeded with 37 mallocs
brutal test at line  640: LG_nmalloc: 54
method: LAGraph_BreadthFirstSearch (&level, &parent, G, src, (_Bool) pushpull, msg)
brutal test at line  640: LG_nmalloc: 60, succeeded with 33 mallocs
brutal test at line  640: LG_nmalloc: 54
method: LAGraph_BreadthFirstSearch (&level, &parent, G, src, (_Bool) pushpull, msg)
brutal test at line  640: LG_nmalloc: 60, succeeded with 33 mallocs
brutal test at line  640: LG_nmalloc: 54
method: LAGraph_BreadthFirstSearch (&level, &parent, G, src, (_Bool) pushpull, msg)
brutal test at line  640: LG_nmalloc: 60, succeeded with 31 mallocs
brutal test at line  640: LG_nmalloc: 54
method: LAGraph_BreadthFirstSearch (&level, &parent, G, src, (_Bool) pushpull, msg)
brutal test at line  640: LG_nmalloc: 60, succeeded with 46 mallocs
brutal test at line  640: LG_nmalloc: 54
method: LAGraph_BreadthFirstSearch (&level, &parent, G, src, (_Bool) pushpull, msg)
brutal test at line  640: LG_nmalloc: 60, succeeded with 35 mallocs

Matrix: msf2.mtx
brutal test at line  640: LG_nmalloc: 54
method: LAGraph_BreadthFirstSearch (&level, &parent, G, src, (_Bool) pushpull, msg)
brutal test at line  640: LG_nmalloc: 58, succeeded with 37 mallocs
brutal test at line  640: LG_nmalloc: 55
method: LAGraph_BreadthFirstSearch (&level, &parent, G, src, (_Bool) pushpull, msg)
brutal test at line  640: LG_nmalloc: 59, succeeded with 33 mallocs
brutal test at line  640: LG_nmalloc: 55
method: LAGraph_BreadthFirstSearch (&level, &parent, G, src, (_Bool) pushpull, msg)
brutal test at line  640: LG_nmalloc: 61, succeeded with 34 mallocs
brutal test at line  640: LG_nmalloc: 55
method: LAGraph_BreadthFirstSearch (&level, &parent, G, src, (_Bool) pushpull, msg)
brutal test at line  640: LG_nmalloc: 61, succeeded with 31 mallocs
brutal test at line  640: LG_nmalloc: 55
method: LAGraph_BreadthFirstSearch (&level, &parent, G, src, (_Bool) pushpull, msg)
brutal test at line  640: LG_nmalloc: 61, succeeded with 26 mallocs
brutal test at line  640: LG_nmalloc: 55
method: LAGraph_BreadthFirstSearch (&level, &parent, G, src, (_Bool) pushpull, msg)
brutal test at line  640: LG_nmalloc: 61, succeeded with 36 mallocs

Matrix: msf3.mtx
brutal test at line  640: LG_nmalloc: 54
method: LAGraph_BreadthFirstSearch (&level, &parent, G, src, (_Bool) pushpull, msg)
brutal test at line  640: LG_nmalloc: 58, succeeded with 32 mallocs
brutal test at line  640: LG_nmalloc: 55
method: LAGraph_BreadthFirstSearch (&level, &parent, G, src, (_Bool) pushpull, msg)
brutal test at line  640: LG_nmalloc: 59, succeeded with 31 mallocs
brutal test at line  640: LG_nmalloc: 55
method: LAGraph_BreadthFirstSearch (&level, &parent, G, src, (_Bool) pushpull, msg)
brutal test at line  640: LG_nmalloc: 61, succeeded with 34 mallocs
brutal test at line  640: LG_nmalloc: 55
method: LAGraph_BreadthFirstSearch (&level, &parent, G, src, (_Bool) pushpull, msg)
brutal test at line  640: LG_nmalloc: 61, succeeded with 31 mallocs
brutal test at line  640: LG_nmalloc: 55
method: LAGraph_BreadthFirstSearch (&level, &parent, G, src, (_Bool) pushpull, msg)
brutal test at line  640: LG_nmalloc: 61, succeeded with 26 mallocs
brutal test at line  640: LG_nmalloc: 55
method: LAGraph_BreadthFirstSearch (&level, &parent, G, src, (_Bool) pushpull, msg)
brutal test at line  640: LG_nmalloc: 61, succeeded with 36 mallocs

Matrix: sample2.mtx
brutal test at line  640: LG_nmalloc: 52
method: LAGraph_BreadthFirstSearch (&level, &parent, G, src, (_Bool) pushpull, msg)
brutal test at line  640: LG_nmalloc: 56, succeeded with 37 mallocs
brutal test at line  640: LG_nmalloc: 53
method: LAGraph_BreadthFirstSearch (&level, &parent, G, src, (_Bool) pushpull, msg)
brutal test at line  640: LG_nmalloc: 57, succeeded with 41 mallocs
brutal test at line  640: LG_nmalloc: 53
method: LAGraph_BreadthFirstSearch (&level, &parent, G, src, (_Bool) pushpull, msg)
brutal test at line  640: LG_nmalloc: 57, succeeded with 34 mallocs
brutal test at line  640: LG_nmalloc: 53
method: LAGraph_BreadthFirstSearch (&level, &parent, G, src, (_Bool) pushpull, msg)
brutal test at line  640: LG_nmalloc: 57, succeeded with 39 mallocs
brutal test at line  640: LG_nmalloc: 53
method: LAGraph_BreadthFirstSearch (&level, &parent, G, src, (_Bool) pushpull, msg)
brutal test at line  640: LG_nmalloc: 57, succeeded with 40 mallocs
brutal test at line  640: LG_nmalloc: 53
method: LAGraph_BreadthFirstSearch (&level, &parent, G, src, (_Bool) pushpull, msg)
brutal test at line  640: LG_nmalloc: 57, succeeded with 41 mallocs

Matrix: sample.mtx
brutal test at line  640: LG_nmalloc: 54
method: LAGraph_BreadthFirstSearch (&level, &parent, G, src, (_Bool) pushpull, msg)
brutal test at line  640: LG_nmalloc: 58, succeeded with 42 mallocs
brutal test at line  640: LG_nmalloc: 55
method: LAGraph_BreadthFirstSearch (&level, &parent, G, src, (_Bool) pushpull, msg)
brutal test at line  640: LG_nmalloc: 59, succeeded with 35 mallocs
brutal test at line  640: LG_nmalloc: 55
method: LAGraph_BreadthFirstSearch (&level, &parent, G, src, (_Bool) pushpull, msg)
brutal test at line  640: LG_nmalloc: 61, succeeded with 46 mallocs
brutal test at line  640: LG_nmalloc: 55
method: LAGraph_BreadthFirstSearch (&level, &parent, G, src, (_Bool) pushpull, msg)
brutal test at line  640: LG_nmalloc: 61, succeeded with 35 mallocs
brutal test at line  640: LG_nmalloc: 55
method: LAGraph_BreadthFirstSearch (&level, &parent, G, src, (_Bool) pushpull, msg)
brutal test at line  640: LG_nmalloc: 61, succeeded with 33 mallocs
brutal test at line  640: LG_nmalloc: 55
method: LAGraph_BreadthFirstSearch (&level, &parent, G, src, (_Bool) pushpull, msg)
brutal test at line  640: LG_nmalloc: 61, succeeded with 43 mallocs

Matrix: olm1000.mtx
skipped

Matrix: bcsstk13.mtx
skipped

Matrix: cryg2500.mtx
skipped

Matrix: tree-example.mtx
brutal test at line  640: LG_nmalloc: 47
method: LAGraph_BreadthFirstSearch (&level, &parent, G, src, (_Bool) pushpull, msg)
brutal test at line  640: LG_nmalloc: 51, succeeded with 42 mallocs
brutal test at line  640: LG_nmalloc: 48
method: LAGraph_BreadthFirstSearch (&level, &parent, G, src, (_Bool) pushpull, msg)
brutal test at line  640: LG_nmalloc: 52, succeeded with 53 mallocs
brutal test at line  640: LG_nmalloc: 48
method: LAGraph_BreadthFirstSearch (&level, &parent, G, src, (_Bool) pushpull, msg)
brutal test at line  640: LG_nmalloc: 52, succeeded with 40 mallocs
brutal test at line  640: LG_nmalloc: 48
method: LAGraph_BreadthFirstSearch (&level, &parent, G, src, (_Bool) pushpull, msg)
brutal test at line  640: LG_nmalloc: 52, succeeded with 33 mallocs
brutal test at line  640: LG_nmalloc: 48
method: LAGraph_BreadthFirstSearch (&level, &parent, G, src, (_Bool) pushpull, msg)
brutal test at line  640: LG_nmalloc: 52, succeeded with 34 mallocs
brutal test at line  640: LG_nmalloc: 48
method: LAGraph_BreadthFirstSearch (&level, &parent, G, src, (_Bool) pushpull, msg)
brutal test at line  640: LG_nmalloc: 52, succeeded with 31 mallocs

Matrix: west0067.mtx
brutal test at line  640: LG_nmalloc: 54
method: LAGraph_BreadthFirstSearch (&level, &parent, G, src, (_Bool) pushpull, msg)
brutal test at line  640: LG_nmalloc: 58, succeeded with 52 mallocs
brutal test at line  640: LG_nmalloc: 54
method: LAGraph_BreadthFirstSearch (&level, &parent, G, src, (_Bool) pushpull, msg)
brutal test at line  640: LG_nmalloc: 58, succeeded with 56 mallocs
brutal test at line  640: LG_nmalloc: 54
method: LAGraph_BreadthFirstSearch (&level, &parent, G, src, (_Bool) pushpull, msg)
brutal test at line  640: LG_nmalloc: 58, succeeded with 46 mallocs
brutal test at line  640: LG_nmalloc: 54
method: LAGraph_BreadthFirstSearch (&level, &parent, G, src, (_Bool) pushpull, msg)
brutal test at line  640: LG_nmalloc: 58, succeeded with 54 mallocs
brutal test at line  640: LG_nmalloc: 54
method: LAGraph_BreadthFirstSearch (&level, &parent, G, src, (_Bool) pushpull, msg)
brutal test at line  640: LG_nmalloc: 58, succeeded with 46 mallocs
brutal test at line  640: LG_nmalloc: 54
method: LAGraph_BreadthFirstSearch (&level, &parent, G, src, (_Bool) pushpull, msg)
brutal test at line  640: LG_nmalloc: 58, succeeded with 54 mallocs
brutal test at line  640: LG_nmalloc: 54
method: LAGraph_BreadthFirstSearch (&level, &parent, G, src, (_Bool) pushpull, msg)
brutal test at line  640: LG_nmalloc: 58, succeeded with 46 mallocs
brutal test at line  640: LG_nmalloc: 54
method: LAGraph_BreadthFirstSearch (&level, &parent, G, src, (_Bool) pushpull, msg)
brutal test at line  640: LG_nmalloc: 58, succeeded with 54 mallocs

Matrix: karate.mtx
brutal test at line  640: LG_nmalloc: 48
method: LAGraph_BreadthFirstSearch (&level, &parent, G, src, (_Bool) pushpull, msg)
brutal test at line  640: LG_nmalloc: 52, succeeded with 40 mallocs
brutal test at line  640: LG_nmalloc: 48
method: LAGraph_BreadthFirstSearch (&level, &parent, G, src, (_Bool) pushpull, msg)
brutal test at line  640: LG_nmalloc: 52, succeeded with 44 mallocs
brutal test at line  640: LG_nmalloc: 48
method: LAGraph_BreadthFirstSearch (&level, &parent, G, src, (_Bool) pushpull, msg)
brutal test at line  640: LG_nmalloc: 52, succeeded with 46 mallocs
brutal test at line  640: LG_nmalloc: 48
method: LAGraph_BreadthFirstSearch (&level, &parent, G, src, (_Bool) pushpull, msg)
brutal test at line  640: LG_nmalloc: 52, succeeded with 46 mallocs
brutal test at line  640: LG_nmalloc: 48
method: LAGraph_BreadthFirstSearch (&level, &parent, G, src, (_Bool) pushpull, msg)
brutal test at line  640: LG_nmalloc: 52, succeeded with 52 mallocs
brutal test at line  640: LG_nmalloc: 48
method: LAGraph_BreadthFirstSearch (&level, &parent, G, src, (_Bool) pushpull, msg)
brutal test at line  640: LG_nmalloc: 52, succeeded with 48 mallocs
brutal test at line  640: LG_nmalloc: 48
method: LAGraph_BreadthFirstSearch (&level, &parent, G, src, (_Bool) pushpull, msg)
brutal test at line  640: LG_nmalloc: 52, succeeded with 46 mallocs
brutal test at line  640: LG_nmalloc: 48
method: LAGraph_BreadthFirstSearch (&level, &parent, G, src, (_Bool) pushpull, msg)
brutal test at line  640: LG_nmalloc: 52, succeeded with 46 mallocs

Matrix: matrix_bool.mtx
brutal test at line  640: LG_nmalloc: 52
method: LAGraph_BreadthFirstSearch (&level, &parent, G, src, (_Bool) pushpull, msg)
brutal test at line  640: LG_nmalloc: 56, succeeded with 37 mallocs
brutal test at line  640: LG_nmalloc: 53
method: LAGraph_BreadthFirstSearch (&level, &parent, G, src, (_Bool) pushpull, msg)
brutal test at line  640: LG_nmalloc: 57, succeeded with 33 mallocs
brutal test at line  640: LG_nmalloc: 53
method: LAGraph_BreadthFirstSearch (&level, &parent, G, src, (_Bool) pushpull, msg)
brutal test at line  640: LG_nmalloc: 59, succeeded with 33 mallocs
brutal test at line  640: LG_nmalloc: 53
method: LAGraph_BreadthFirstSearch (&level, &parent, G, src, (_Bool) pushpull, msg)
brutal test at line  640: LG_nmalloc: 59, succeeded with 40 mallocs
brutal test at line  640: LG_nmalloc: 53
method: LAGraph_BreadthFirstSearch (&level, &parent, G, src, (_Bool) pushpull, msg)
brutal test at line  640: LG_nmalloc: 59, succeeded with 40 mallocs
brutal test at line  640: LG_nmalloc: 53
method: LAGraph_BreadthFirstSearch (&level, &parent, G, src, (_Bool) pushpull, msg)
brutal test at line  640: LG_nmalloc: 59, succeeded with 47 mallocs
brutal test at line  640: LG_nmalloc: 53
method: LAGraph_BreadthFirstSearch (&level, &parent, G, src, (_Bool) pushpull, msg)
brutal test at line  640: LG_nmalloc: 57, succeeded with 40 mallocs
brutal test at line  640: LG_nmalloc: 53
method: LAGraph_BreadthFirstSearch (&level, &parent, G, src, (_Bool) pushpull, msg)
brutal test at line  640: LG_nmalloc: 57, succeeded with 33 mallocs

Matrix: skew_fp32.mtx
brutal test at line  640: LG_nmalloc: 52
method: LAGraph_BreadthFirstSearch (&level, &parent, G, src, (_Bool) pushpull, msg)
brutal test at line  640: LG_nmalloc: 56, succeeded with 32 mallocs
brutal test at line  640: LG_nmalloc: 53
method: LAGraph_BreadthFirstSearch (&level, &parent, G, src, (_Bool) pushpull, msg)
brutal test at line  640: LG_nmalloc: 57, succeeded with 31 mallocs
brutal test at line  640: LG_nmalloc: 53
method: LAGraph_BreadthFirstSearch (&level, &parent, G, src, (_Bool) pushpull, msg)
brutal test at line  640: LG_nmalloc: 57, succeeded with 34 mallocs
brutal test at line  640: LG_nmalloc: 53
method: LAGraph_BreadthFirstSearch (&level, &parent, G, src, (_Bool) pushpull, msg)
brutal test at line  640: LG_nmalloc: 57, succeeded with 31 mallocs
brutal test at line  640: LG_nmalloc: 53
method: LAGraph_BreadthFirstSearch (&level, &parent, G, src, (_Bool) pushpull, msg)
brutal test at line  640: LG_nmalloc: 57, succeeded with 34 mallocs
brutal test at line  640: LG_nmalloc: 53
method: LAGraph_BreadthFirstSearch (&level, &parent, G, src, (_Bool) pushpull, msg)
brutal test at line  640: LG_nmalloc: 57, succeeded with 31 mallocs

Matrix: pushpull.mtx
skipped
[ OK ]
SUCCESS: All unit tests have passed.
<end of output>
Test time =   1.03 sec
----------------------------------------------------------
Test Passed.
"ctest_BreadthFirstSearch" end time: Dec 07 10:31 EST
"ctest_BreadthFirstSearch" time elapsed: 00:00:01
----------------------------------------------------------

3/40 Testing: ctest_CheckGraph
3/40 Test: ctest_CheckGraph
Command: "/home/afanasyev/LAGraph/build/src/test/test_CheckGraph"
Directory: /home/afanasyev/LAGraph/build/src/test
"ctest_CheckGraph" start time: Dec 07 10:31 EST
Output:
----------------------------------------------------------
Test CheckGraph...                              [ OK ]
Test CheckGraph_failures...                     
Testing LAGraph_CheckGraph error handling:
msg: adjacency matrix invalid
msg: G->AT matrix invalid
msg: A and AT types are different
msg: only by-row format supported
msg: rowdegree invalid size
msg: rowdegree has wrong type
msg: coldegree invalid size
msg: coldegree has wrong type
msg: only by-row format supported
msg: graph kind invalid
msg: graph adjacency matrix is NULL
msg: graph is NULL
[ OK ]
Test CheckGraph_brutal...                       
brutal test at line  265: LG_nmalloc: 46
method: LAGraph_CheckGraph (G, msg)
brutal test at line  265: LG_nmalloc: 46, succeeded with 0 mallocs
brutal test at line  268: LG_nmalloc: 46
method: LAGraph_Property_AT (G, msg)
brutal test at line  268: LG_nmalloc: 46, succeeded with 0 mallocs
brutal test at line  269: LG_nmalloc: 46
method: LAGraph_CheckGraph (G, msg)
brutal test at line  269: LG_nmalloc: 46, succeeded with 0 mallocs
brutal test at line  270: LG_nmalloc: 46
method: LAGraph_Property_RowDegree (G, msg)
brutal test at line  270: LG_nmalloc: 48, succeeded with 6 mallocs
brutal test at line  271: LG_nmalloc: 48
method: LAGraph_CheckGraph (G, msg)
brutal test at line  271: LG_nmalloc: 48, succeeded with 0 mallocs
brutal test at line  272: LG_nmalloc: 48
method: LAGraph_Property_ColDegree (G, msg)
brutal test at line  272: LG_nmalloc: 48, succeeded with 0 mallocs
brutal test at line  273: LG_nmalloc: 48
method: LAGraph_CheckGraph (G, msg)
brutal test at line  273: LG_nmalloc: 48, succeeded with 0 mallocs
brutal test at line  274: LG_nmalloc: 48
method: LAGraph_Delete (&G, msg)
brutal test at line  274: LG_nmalloc: 41, succeeded with 0 mallocs
[ OK ]
SUCCESS: All unit tests have passed.
<end of output>
Test time =   0.01 sec
----------------------------------------------------------
Test Passed.
"ctest_CheckGraph" end time: Dec 07 10:31 EST
"ctest_CheckGraph" time elapsed: 00:00:00
----------------------------------------------------------

4/40 Testing: ctest_ConnectedComponents
4/40 Test: ctest_ConnectedComponents
Command: "/home/afanasyev/LAGraph/build/src/test/test_ConnectedComponents"
Directory: /home/afanasyev/LAGraph/build/src/test
"ctest_ConnectedComponents" start time: Dec 07 10:31 EST
Output:
----------------------------------------------------------
Test cc...                                      
Matrix: karate.mtx

--- CC: FastSV6 if SuiteSparse, Boruvka if vanilla:
GrB_UINT32 vector: n: 34 entries: 34
    (0)   0
    (1)   0
    (2)   0
    (3)   0
    (4)   0
    (5)   0
    (6)   0
    (7)   0
    (8)   0
    (9)   0
    (10)   0
    (11)   0
    (12)   0
    (13)   0
    (14)   0
    (15)   0
    (16)   0
    (17)   0
    (18)   0
    (19)   0
    (20)   0
    (21)   0
    (22)   0
    (23)   0
    (24)   0
    (25)   0
    (26)   0
    (27)   0
    (28)   0
    (29)   0
    ...
# components:      1 Matrix: karate.mtx
# of components: 1
Component 0, size 34
LG_check_cc init  time: 8.88109e-06 sec
LG_check_cc component time: 1.04681e-06 sec
LG_check_cc check time: 2.30968e-06 sec

------ CC_FastSV5:
# of components: 1
Component 0, size 34
LG_check_cc init  time: 4.40702e-06 sec
LG_check_cc component time: 9.61125e-07 sec
LG_check_cc check time: 1.13994e-06 sec

------ CC_BORUVKA:
# of components: 1
Component 0, size 34
LG_check_cc init  time: 4.73857e-06 sec
LG_check_cc component time: 7.71135e-07 sec
LG_check_cc check time: 1.13994e-06 sec

------ CC_LACC:
# of components: 1
Component 0, size 34
LG_check_cc init  time: 4.70132e-06 sec
LG_check_cc component time: 1.01328e-06 sec
LG_check_cc check time: 1.19954e-06 sec

------ CC_LACC:
# of components: 1
Component 0, size 34
LG_check_cc init  time: 4.40329e-06 sec
LG_check_cc component time: 7.41333e-07 sec
LG_check_cc check time: 1.18837e-06 sec

--- CC: FastSV6 if SuiteSparse, Boruvka if vanilla:
GrB_UINT32 vector: n: 34 entries: 34
    (0)   0
    (1)   0
    (2)   0
    (3)   0
    (4)   0
    (5)   0
    (6)   0
    (7)   0
    (8)   0
    (9)   0
    (10)   0
    (11)   0
    (12)   0
    (13)   0
    (14)   0
    (15)   0
    (16)   0
    (17)   0
    (18)   0
    (19)   0
    (20)   0
    (21)   0
    (22)   0
    (23)   0
    (24)   0
    (25)   0
    (26)   0
    (27)   0
    (28)   0
    (29)   0
    ...
# components:      1 Matrix: karate.mtx
# of components: 1
Component 0, size 34
LG_check_cc init  time: 3.8892e-06 sec
LG_check_cc component time: 6.18398e-07 sec
LG_check_cc check time: 1.07288e-06 sec

------ CC_FastSV5:
# of components: 1
Component 0, size 34
LG_check_cc init  time: 3.90038e-06 sec
LG_check_cc component time: 5.69969e-07 sec
LG_check_cc check time: 1.05053e-06 sec

------ CC_BORUVKA:
# of components: 1
Component 0, size 34
LG_check_cc init  time: 3.93018e-06 sec
LG_check_cc component time: 4.99189e-07 sec
LG_check_cc check time: 1.12876e-06 sec

Matrix: A.mtx

--- CC: FastSV6 if SuiteSparse, Boruvka if vanilla:
GrB_UINT32 vector: n: 7 entries: 7
    (0)   0
    (1)   0
    (2)   0
    (3)   0
    (4)   0
    (5)   0
    (6)   0
# components:      1 Matrix: A.mtx
# of components: 1
Component 0, size 7
LG_check_cc init  time: 5.5097e-06 sec
LG_check_cc component time: 3.42727e-07 sec
LG_check_cc check time: 1.02818e-06 sec

------ CC_FastSV5:
# of components: 1
Component 0, size 7
LG_check_cc init  time: 2.64123e-06 sec
LG_check_cc component time: 2.49594e-07 sec
LG_check_cc check time: 1.02073e-06 sec

------ CC_BORUVKA:
# of components: 1
Component 0, size 7
LG_check_cc init  time: 2.92063e-06 sec
LG_check_cc component time: 2.30968e-07 sec
LG_check_cc check time: 9.68575e-07 sec

------ CC_LACC:
# of components: 1
Component 0, size 7
LG_check_cc init  time: 3.16277e-06 sec
LG_check_cc component time: 2.98023e-07 sec
LG_check_cc check time: 1.13994e-06 sec

------ CC_LACC:
# of components: 1
Component 0, size 7
LG_check_cc init  time: 3.12179e-06 sec
LG_check_cc component time: 2.57045e-07 sec
LG_check_cc check time: 1.03936e-06 sec

--- CC: FastSV6 if SuiteSparse, Boruvka if vanilla:
GrB_UINT32 vector: n: 7 entries: 7
    (0)   0
    (1)   0
    (2)   0
    (3)   0
    (4)   0
    (5)   0
    (6)   0
# components:      1 Matrix: A.mtx
# of components: 1
Component 0, size 7
LG_check_cc init  time: 2.65986e-06 sec
LG_check_cc component time: 2.30968e-07 sec
LG_check_cc check time: 9.87202e-07 sec

------ CC_FastSV5:
# of components: 1
Component 0, size 7
LG_check_cc init  time: 2.70084e-06 sec
LG_check_cc component time: 2.01166e-07 sec
LG_check_cc check time: 1.06916e-06 sec

------ CC_BORUVKA:
# of components: 1
Component 0, size 7
LG_check_cc init  time: 2.84985e-06 sec
LG_check_cc component time: 2.19792e-07 sec
LG_check_cc check time: 1.13994e-06 sec

Matrix: jagmesh7.mtx

--- CC: FastSV6 if SuiteSparse, Boruvka if vanilla:
GrB_UINT32 vector: n: 1138 entries: 1138
    (0)   0
    (1)   0
    (2)   0
    (3)   0
    (4)   0
    (5)   0
    (6)   0
    (7)   0
    (8)   0
    (9)   0
    (10)   0
    (11)   0
    (12)   0
    (13)   0
    (14)   0
    (15)   0
    (16)   0
    (17)   0
    (18)   0
    (19)   0
    (20)   0
    (21)   0
    (22)   0
    (23)   0
    (24)   0
    (25)   0
    (26)   0
    (27)   0
    (28)   0
    (29)   0
    ...
# components:      1 Matrix: jagmesh7.mtx
# of components: 1
LG_check_cc init  time: 3.58187e-05 sec
LG_check_cc component time: 2.69488e-05 sec
LG_check_cc check time: 1.24052e-06 sec

------ CC_FastSV5:
# of components: 1
LG_check_cc init  time: 4.14513e-05 sec
LG_check_cc component time: 3.12999e-05 sec
LG_check_cc check time: 1.57207e-06 sec

------ CC_BORUVKA:
# of components: 1
LG_check_cc init  time: 3.82513e-05 sec
LG_check_cc component time: 2.93404e-05 sec
LG_check_cc check time: 1.54972e-06 sec

------ CC_LACC:
# of components: 1
LG_check_cc init  time: 3.72604e-05 sec
LG_check_cc component time: 2.77013e-05 sec
LG_check_cc check time: 1.09151e-06 sec

------ CC_LACC:
# of components: 1
LG_check_cc init  time: 3.79197e-05 sec
LG_check_cc component time: 3.07783e-05 sec
LG_check_cc check time: 1.11759e-06 sec

--- CC: FastSV6 if SuiteSparse, Boruvka if vanilla:
GrB_UINT32 vector: n: 1138 entries: 1138
    (0)   0
    (1)   0
    (2)   0
    (3)   0
    (4)   0
    (5)   0
    (6)   0
    (7)   0
    (8)   0
    (9)   0
    (10)   0
    (11)   0
    (12)   0
    (13)   0
    (14)   0
    (15)   0
    (16)   0
    (17)   0
    (18)   0
    (19)   0
    (20)   0
    (21)   0
    (22)   0
    (23)   0
    (24)   0
    (25)   0
    (26)   0
    (27)   0
    (28)   0
    (29)   0
    ...
# components:      1 Matrix: jagmesh7.mtx
# of components: 1
LG_check_cc init  time: 3.56622e-05 sec
LG_check_cc component time: 2.59504e-05 sec
LG_check_cc check time: 8.60542e-07 sec

------ CC_FastSV5:
# of components: 1
LG_check_cc init  time: 4.11794e-05 sec
LG_check_cc component time: 2.63304e-05 sec
LG_check_cc check time: 1.44169e-06 sec

------ CC_BORUVKA:
# of components: 1
LG_check_cc init  time: 3.79086e-05 sec
LG_check_cc component time: 2.71201e-05 sec
LG_check_cc check time: 1.00955e-06 sec

Matrix: ldbc-cdlp-undirected-example.mtx

--- CC: FastSV6 if SuiteSparse, Boruvka if vanilla:
GrB_UINT32 vector: n: 8 entries: 8
    (0)   0
    (1)   0
    (2)   0
    (3)   0
    (4)   0
    (5)   0
    (6)   0
    (7)   0
# components:      1 Matrix: ldbc-cdlp-undirected-example.mtx
# of components: 1
Component 0, size 8
LG_check_cc init  time: 6.47083e-06 sec
LG_check_cc component time: 3.7998e-07 sec
LG_check_cc check time: 7.18981e-07 sec

------ CC_FastSV5:
# of components: 1
Component 0, size 8
LG_check_cc init  time: 2.68966e-06 sec
LG_check_cc component time: 3.20375e-07 sec
LG_check_cc check time: 5.81145e-07 sec

------ CC_BORUVKA:
# of components: 1
Component 0, size 8
LG_check_cc init  time: 2.57045e-06 sec
LG_check_cc component time: 2.83122e-07 sec
LG_check_cc check time: 4.99189e-07 sec

------ CC_LACC:
# of components: 1
Component 0, size 8
LG_check_cc init  time: 2.98023e-06 sec
LG_check_cc component time: 2.38419e-07 sec
LG_check_cc check time: 6.33299e-07 sec

------ CC_LACC:
# of components: 1
Component 0, size 8
LG_check_cc init  time: 2.90945e-06 sec
LG_check_cc component time: 2.19792e-07 sec
LG_check_cc check time: 5.88596e-07 sec

--- CC: FastSV6 if SuiteSparse, Boruvka if vanilla:
GrB_UINT32 vector: n: 8 entries: 8
    (0)   0
    (1)   0
    (2)   0
    (3)   0
    (4)   0
    (5)   0
    (6)   0
    (7)   0
# components:      1 Matrix: ldbc-cdlp-undirected-example.mtx
# of components: 1
Component 0, size 8
LG_check_cc init  time: 2.36928e-06 sec
LG_check_cc component time: 2.08616e-07 sec
LG_check_cc check time: 7.22706e-07 sec

------ CC_FastSV5:
# of components: 1
Component 0, size 8
LG_check_cc init  time: 2.57045e-06 sec
LG_check_cc component time: 2.12342e-07 sec
LG_check_cc check time: 5.51343e-07 sec

------ CC_BORUVKA:
# of components: 1
Component 0, size 8
LG_check_cc init  time: 2.56673e-06 sec
LG_check_cc component time: 2.12342e-07 sec
LG_check_cc check time: 5.40167e-07 sec

Matrix: ldbc-undirected-example.mtx

--- CC: FastSV6 if SuiteSparse, Boruvka if vanilla:
GrB_UINT32 vector: n: 9 entries: 9
    (0)   0
    (1)   0
    (2)   0
    (3)   0
    (4)   0
    (5)   0
    (6)   0
    (7)   0
    (8)   0
# components:      1 Matrix: ldbc-undirected-example.mtx
# of components: 1
Component 0, size 9
LG_check_cc init  time: 5.21168e-06 sec
LG_check_cc component time: 3.7998e-07 sec
LG_check_cc check time: 5.58794e-07 sec

------ CC_FastSV5:
# of components: 1
Component 0, size 9
LG_check_cc init  time: 2.44752e-06 sec
LG_check_cc component time: 4.32134e-07 sec
LG_check_cc check time: 5.28991e-07 sec

------ CC_BORUVKA:
# of components: 1
Component 0, size 9
LG_check_cc init  time: 2.54065e-06 sec
LG_check_cc component time: 2.79397e-07 sec
LG_check_cc check time: 5.7742e-07 sec

------ CC_LACC:
# of components: 1
Component 0, size 9
LG_check_cc init  time: 2.80887e-06 sec
LG_check_cc component time: 2.42144e-07 sec
LG_check_cc check time: 6.92904e-07 sec

------ CC_LACC:
# of components: 1
Component 0, size 9
LG_check_cc init  time: 2.80142e-06 sec
LG_check_cc component time: 3.98606e-07 sec
LG_check_cc check time: 6.63102e-07 sec

--- CC: FastSV6 if SuiteSparse, Boruvka if vanilla:
GrB_UINT32 vector: n: 9 entries: 9
    (0)   0
    (1)   0
    (2)   0
    (3)   0
    (4)   0
    (5)   0
    (6)   0
    (7)   0
    (8)   0
# components:      1 Matrix: ldbc-undirected-example.mtx
# of components: 1
Component 0, size 9
LG_check_cc init  time: 2.44752e-06 sec
LG_check_cc component time: 3.98606e-07 sec
LG_check_cc check time: 5.81145e-07 sec

------ CC_FastSV5:
# of components: 1
Component 0, size 9
LG_check_cc init  time: 2.39164e-06 sec
LG_check_cc component time: 4.76837e-07 sec
LG_check_cc check time: 4.80562e-07 sec

------ CC_BORUVKA:
# of components: 1
Component 0, size 9
LG_check_cc init  time: 2.56673e-06 sec
LG_check_cc component time: 3.91155e-07 sec
LG_check_cc check time: 4.99189e-07 sec

Matrix: ldbc-wcc-example.mtx

--- CC: FastSV6 if SuiteSparse, Boruvka if vanilla:
GrB_UINT32 vector: n: 10 entries: 10
    (0)   0
    (1)   0
    (2)   0
    (3)   0
    (4)   0
    (5)   0
    (6)   0
    (7)   0
    (8)   0
    (9)   0
# components:      1 Matrix: ldbc-wcc-example.mtx
# of components: 1
Component 0, size 10
LG_check_cc init  time: 5.04032e-06 sec
LG_check_cc component time: 4.39584e-07 sec
LG_check_cc check time: 5.40167e-07 sec

------ CC_FastSV5:
# of components: 1
Component 0, size 10
LG_check_cc init  time: 2.76044e-06 sec
LG_check_cc component time: 3.50177e-07 sec
LG_check_cc check time: 5.28991e-07 sec

------ CC_BORUVKA:
# of components: 1
Component 0, size 10
LG_check_cc init  time: 2.86102e-06 sec
LG_check_cc component time: 3.31551e-07 sec
LG_check_cc check time: 5.28991e-07 sec

------ CC_LACC:
# of components: 1
Component 0, size 10
LG_check_cc init  time: 2.96161e-06 sec
LG_check_cc component time: 3.27826e-07 sec
LG_check_cc check time: 6.10948e-07 sec

------ CC_LACC:
# of components: 1
Component 0, size 10
LG_check_cc init  time: 2.9318e-06 sec
LG_check_cc component time: 2.6077e-07 sec
LG_check_cc check time: 6.70552e-07 sec

--- CC: FastSV6 if SuiteSparse, Boruvka if vanilla:
GrB_UINT32 vector: n: 10 entries: 10
    (0)   0
    (1)   0
    (2)   0
    (3)   0
    (4)   0
    (5)   0
    (6)   0
    (7)   0
    (8)   0
    (9)   0
# components:      1 Matrix: ldbc-wcc-example.mtx
# of components: 1
Component 0, size 10
LG_check_cc init  time: 2.52947e-06 sec
LG_check_cc component time: 2.30968e-07 sec
LG_check_cc check time: 4.99189e-07 sec

------ CC_FastSV5:
# of components: 1
Component 0, size 10
LG_check_cc init  time: 2.67848e-06 sec
LG_check_cc component time: 2.79397e-07 sec
LG_check_cc check time: 4.99189e-07 sec

------ CC_BORUVKA:
# of components: 1
Component 0, size 10
LG_check_cc init  time: 2.5779e-06 sec
LG_check_cc component time: 2.19792e-07 sec
LG_check_cc check time: 5.58794e-07 sec

Matrix: LFAT5.mtx

--- CC: FastSV6 if SuiteSparse, Boruvka if vanilla:
GrB_UINT32 vector: n: 14 entries: 14
    (0)   0
    (1)   1
    (2)   2
    (3)   0
    (4)   0
    (5)   1
    (6)   2
    (7)   0
    (8)   0
    (9)   1
    (10)   2
    (11)   0
    (12)   0
    (13)   0
# components:      3 Matrix: LFAT5.mtx
# of components: 3
Component 0, size 8
Component 1, size 3
Component 2, size 3
LG_check_cc init  time: 6.64964e-06 sec
LG_check_cc component time: 4.80562e-07 sec
LG_check_cc check time: 5.21541e-07 sec

------ CC_FastSV5:
# of components: 3
Component 0, size 8
Component 1, size 3
Component 2, size 3
LG_check_cc init  time: 3.75137e-06 sec
LG_check_cc component time: 4.28408e-07 sec
LG_check_cc check time: 5.40167e-07 sec

------ CC_BORUVKA:
# of components: 3
Component 0, size 8
Component 1, size 3
Component 2, size 3
LG_check_cc init  time: 3.63216e-06 sec
LG_check_cc component time: 3.42727e-07 sec
LG_check_cc check time: 5.10365e-07 sec

------ CC_LACC:
# of components: 3
Component 0, size 8
Component 1, size 3
Component 2, size 3
LG_check_cc init  time: 4.33996e-06 sec
LG_check_cc component time: 3.7998e-07 sec
LG_check_cc check time: 1.03936e-06 sec

------ CC_LACC:
# of components: 3
Component 0, size 8
Component 1, size 3
Component 2, size 3
LG_check_cc init  time: 4.42192e-06 sec
LG_check_cc component time: 3.91155e-07 sec
LG_check_cc check time: 1.08033e-06 sec

--- CC: FastSV6 if SuiteSparse, Boruvka if vanilla:
GrB_UINT32 vector: n: 14 entries: 14
    (0)   0
    (1)   1
    (2)   2
    (3)   0
    (4)   0
    (5)   1
    (6)   2
    (7)   0
    (8)   0
    (9)   1
    (10)   2
    (11)   0
    (12)   0
    (13)   0
# components:      3 Matrix: LFAT5.mtx
# of components: 3
Component 0, size 8
Component 1, size 3
Component 2, size 3
LG_check_cc init  time: 3.95998e-06 sec
LG_check_cc component time: 3.7998e-07 sec
LG_check_cc check time: 1.0021e-06 sec

------ CC_FastSV5:
# of components: 3
Component 0, size 8
Component 1, size 3
Component 2, size 3
LG_check_cc init  time: 4.1686e-06 sec
LG_check_cc component time: 2.98023e-07 sec
LG_check_cc check time: 1.00955e-06 sec

------ CC_BORUVKA:
# of components: 3
Component 0, size 8
Component 1, size 3
Component 2, size 3
LG_check_cc init  time: 3.90783e-06 sec
LG_check_cc component time: 2.71946e-07 sec
LG_check_cc check time: 1.06171e-06 sec

Matrix: LFAT5_two.mtx

--- CC: FastSV6 if SuiteSparse, Boruvka if vanilla:
GrB_UINT32 vector: n: 28 entries: 28
    (0)   0
    (1)   1
    (2)   2
    (3)   0
    (4)   0
    (5)   1
    (6)   2
    (7)   0
    (8)   0
    (9)   1
    (10)   2
    (11)   0
    (12)   0
    (13)   0
    (14)   14
    (15)   15
    (16)   16
    (17)   14
    (18)   14
    (19)   15
    (20)   16
    (21)   14
    (22)   14
    (23)   15
    (24)   16
    (25)   14
    (26)   14
    (27)   14
# components:      6 Matrix: LFAT5_two.mtx
# of components: 6
Component 0, size 8
Component 1, size 3
Component 2, size 3
Component 14, size 8
Component 15, size 3
Component 16, size 3
LG_check_cc init  time: 6.53043e-06 sec
LG_check_cc component time: 4.80562e-07 sec
LG_check_cc check time: 1.04308e-06 sec

------ CC_FastSV5:
# of components: 6
Component 0, size 8
Component 1, size 3
Component 2, size 3
Component 14, size 8
Component 15, size 3
Component 16, size 3
LG_check_cc init  time: 6.23986e-06 sec
LG_check_cc component time: 4.09782e-07 sec
LG_check_cc check time: 9.42498e-07 sec

------ CC_BORUVKA:
# of components: 6
Component 0, size 8
Component 1, size 3
Component 2, size 3
Component 14, size 8
Component 15, size 3
Component 16, size 3
LG_check_cc init  time: 6.06105e-06 sec
LG_check_cc component time: 3.61353e-07 sec
LG_check_cc check time: 9.574e-07 sec

------ CC_LACC:
# of components: 6
Component 0, size 8
Component 1, size 3
Component 2, size 3
Component 14, size 8
Component 15, size 3
Component 16, size 3
LG_check_cc init  time: 1.26697e-05 sec
LG_check_cc component time: 5.88596e-07 sec
LG_check_cc check time: 7.1153e-07 sec

------ CC_LACC:
# of components: 6
Component 0, size 8
Component 1, size 3
Component 2, size 3
Component 14, size 8
Component 15, size 3
Component 16, size 3
LG_check_cc init  time: 5.99772e-06 sec
LG_check_cc component time: 7.07805e-07 sec
LG_check_cc check time: 6.70552e-07 sec

--- CC: FastSV6 if SuiteSparse, Boruvka if vanilla:
GrB_UINT32 vector: n: 28 entries: 28
    (0)   0
    (1)   1
    (2)   2
    (3)   0
    (4)   0
    (5)   1
    (6)   2
    (7)   0
    (8)   0
    (9)   1
    (10)   2
    (11)   0
    (12)   0
    (13)   0
    (14)   14
    (15)   15
    (16)   16
    (17)   14
    (18)   14
    (19)   15
    (20)   16
    (21)   14
    (22)   14
    (23)   15
    (24)   16
    (25)   14
    (26)   14
    (27)   14
# components:      6 Matrix: LFAT5_two.mtx
# of components: 6
Component 0, size 8
Component 1, size 3
Component 2, size 3
Component 14, size 8
Component 15, size 3
Component 16, size 3
LG_check_cc init  time: 5.37187e-06 sec
LG_check_cc component time: 3.7998e-07 sec
LG_check_cc check time: 5.99772e-07 sec

------ CC_FastSV5:
# of components: 6
Component 0, size 8
Component 1, size 3
Component 2, size 3
Component 14, size 8
Component 15, size 3
Component 16, size 3
LG_check_cc init  time: 5.49853e-06 sec
LG_check_cc component time: 3.61353e-07 sec
LG_check_cc check time: 5.58794e-07 sec

------ CC_BORUVKA:
# of components: 6
Component 0, size 8
Component 1, size 3
Component 2, size 3
Component 14, size 8
Component 15, size 3
Component 16, size 3
LG_check_cc init  time: 5.55068e-06 sec
LG_check_cc component time: 3.39001e-07 sec
LG_check_cc check time: 5.21541e-07 sec

Matrix: bcsstk13.mtx

--- CC: FastSV6 if SuiteSparse, Boruvka if vanilla:
GrB_UINT32 vector: n: 2003 entries: 2003
    (0)   0
    (1)   0
    (2)   0
    (3)   0
    (4)   0
    (5)   0
    (6)   0
    (7)   0
    (8)   0
    (9)   0
    (10)   0
    (11)   0
    (12)   0
    (13)   0
    (14)   0
    (15)   0
    (16)   0
    (17)   0
    (18)   0
    (19)   0
    (20)   0
    (21)   0
    (22)   0
    (23)   0
    (24)   0
    (25)   0
    (26)   0
    (27)   0
    (28)   0
    (29)   0
    ...
# components:      1 Matrix: bcsstk13.mtx
# of components: 1
LG_check_cc init  time: 6.62729e-05 sec
LG_check_cc component time: 0.000208464 sec
LG_check_cc check time: 2.01166e-06 sec

------ CC_FastSV5:
# of components: 1
LG_check_cc init  time: 7.0367e-05 sec
LG_check_cc component time: 0.000187814 sec
LG_check_cc check time: 1.76951e-06 sec

------ CC_BORUVKA:
# of components: 1
LG_check_cc init  time: 6.72303e-05 sec
LG_check_cc component time: 0.000183593 sec
LG_check_cc check time: 1.75834e-06 sec

------ CC_LACC:
# of components: 1
LG_check_cc init  time: 6.71111e-05 sec
LG_check_cc component time: 0.000179853 sec
LG_check_cc check time: 2.07871e-06 sec

------ CC_LACC:
# of components: 1
LG_check_cc init  time: 6.53788e-05 sec
LG_check_cc component time: 0.000196792 sec
LG_check_cc check time: 2.00048e-06 sec

--- CC: FastSV6 if SuiteSparse, Boruvka if vanilla:
GrB_UINT32 vector: n: 2003 entries: 2003
    (0)   0
    (1)   0
    (2)   0
    (3)   0
    (4)   0
    (5)   0
    (6)   0
    (7)   0
    (8)   0
    (9)   0
    (10)   0
    (11)   0
    (12)   0
    (13)   0
    (14)   0
    (15)   0
    (16)   0
    (17)   0
    (18)   0
    (19)   0
    (20)   0
    (21)   0
    (22)   0
    (23)   0
    (24)   0
    (25)   0
    (26)   0
    (27)   0
    (28)   0
    (29)   0
    ...
# components:      1 Matrix: bcsstk13.mtx
# of components: 1
LG_check_cc init  time: 7.49789e-05 sec
LG_check_cc component time: 0.000266381 sec
LG_check_cc check time: 2.51085e-06 sec

------ CC_FastSV5:
# of components: 1
LG_check_cc init  time: 8.32006e-05 sec
LG_check_cc component time: 0.000340994 sec
LG_check_cc check time: 3.42727e-06 sec

------ CC_BORUVKA:
# of components: 1
LG_check_cc init  time: 7.23302e-05 sec
LG_check_cc component time: 0.000164039 sec
LG_check_cc check time: 2.14204e-06 sec

Matrix: tree-example.mtx

--- CC: FastSV6 if SuiteSparse, Boruvka if vanilla:
GrB_UINT32 vector: n: 6 entries: 6
    (0)   0
    (1)   0
    (2)   0
    (3)   0
    (4)   0
    (5)   0
# components:      1 Matrix: tree-example.mtx
# of components: 1
Component 0, size 6
LG_check_cc init  time: 6.66082e-06 sec
LG_check_cc component time: 4.58211e-07 sec
LG_check_cc check time: 7.37607e-07 sec

------ CC_FastSV5:
# of components: 1
Component 0, size 6
LG_check_cc init  time: 2.68966e-06 sec
LG_check_cc component time: 3.09199e-07 sec
LG_check_cc check time: 6.4075e-07 sec

------ CC_BORUVKA:
# of components: 1
Component 0, size 6
LG_check_cc init  time: 2.70084e-06 sec
LG_check_cc component time: 3.31551e-07 sec
LG_check_cc check time: 5.28991e-07 sec

------ CC_LACC:
# of components: 1
Component 0, size 6
LG_check_cc init  time: 2.95788e-06 sec
LG_check_cc component time: 2.79397e-07 sec
LG_check_cc check time: 6.70552e-07 sec

------ CC_LACC:
# of components: 1
Component 0, size 6
LG_check_cc init  time: 2.71946e-06 sec
LG_check_cc component time: 3.50177e-07 sec
LG_check_cc check time: 6.51926e-07 sec

--- CC: FastSV6 if SuiteSparse, Boruvka if vanilla:
GrB_UINT32 vector: n: 6 entries: 6
    (0)   0
    (1)   0
    (2)   0
    (3)   0
    (4)   0
    (5)   0
# components:      1 Matrix: tree-example.mtx
# of components: 1
Component 0, size 6
LG_check_cc init  time: 2.42144e-06 sec
LG_check_cc component time: 2.71946e-07 sec
LG_check_cc check time: 6.63102e-07 sec

------ CC_FastSV5:
# of components: 1
Component 0, size 6
LG_check_cc init  time: 2.2091e-06 sec
LG_check_cc component time: 3.68804e-07 sec
LG_check_cc check time: 5.28991e-07 sec

------ CC_BORUVKA:
# of components: 1
Component 0, size 6
LG_check_cc init  time: 2.48849e-06 sec
LG_check_cc component time: 5.10365e-07 sec
LG_check_cc check time: 6.48201e-07 sec
[ OK ]
Test cc_brutal...                               
brutal test at line  200: LG_nmalloc: 46
method: LAGraph_CheckGraph (G, msg)
brutal test at line  200: LG_nmalloc: 46, succeeded with 0 mallocs

--- CC: FastSV6 if SuiteSparse, Boruvka if vanilla:
brutal test at line  204: LG_nmalloc: 46
method: LAGraph_ConnectedComponents (&C, G, msg)
brutal test at line  204: LG_nmalloc: 48, succeeded with 39 mallocs
brutal test at line  205: LG_nmalloc: 48
method: LAGraph_Vector_print (C, 2, stdout, msg)
GrB_UINT32 vector: n: 28 entries: 28
GrB_UINT32 vector: n: 28 entries: 28
GrB_UINT32 vector: n: 28 entries: 28
    (0)   0
    (1)   1
    (2)   2
    (3)   0
    (4)   0
    (5)   1
    (6)   2
    (7)   0
    (8)   0
    (9)   1
    (10)   2
    (11)   0
    (12)   0
    (13)   0
    (14)   14
    (15)   15
    (16)   16
    (17)   14
    (18)   14
    (19)   15
    (20)   16
    (21)   14
    (22)   14
    (23)   15
    (24)   16
    (25)   14
    (26)   14
    (27)   14
brutal test at line  205: LG_nmalloc: 48, succeeded with 2 mallocs
# components:      6 Matrix: LFAT_two
# of components: 6
Component 0, size 8
Component 1, size 3
Component 2, size 3
Component 14, size 8
Component 15, size 3
Component 16, size 3
LG_check_cc init  time: 9.76026e-06 sec
LG_check_cc component time: 1.00955e-06 sec
LG_check_cc check time: 2.2687e-06 sec
[ OK ]
SUCCESS: All unit tests have passed.
<end of output>
Test time =   0.13 sec
----------------------------------------------------------
Test Passed.
"ctest_ConnectedComponents" end time: Dec 07 10:31 EST
"ctest_ConnectedComponents" time elapsed: 00:00:00
----------------------------------------------------------

5/40 Testing: ctest_DeleteProperties
5/40 Test: ctest_DeleteProperties
Command: "/home/afanasyev/LAGraph/build/src/test/test_DeleteProperties"
Directory: /home/afanasyev/LAGraph/build/src/test
"ctest_DeleteProperties" start time: Dec 07 10:31 EST
Output:
----------------------------------------------------------
Test Property_DeleteProperties...               
Graph: ndiag -1, symmetric structure: 0
  adj matrix: GrB_INT32 matrix: 7-by-7 entries: 12
    (0, 1)   2
    (0, 3)   7
    (1, 4)   5
    (1, 6)   8
    (2, 5)   1
    (3, 0)   4
    (3, 2)   1
    (4, 5)   7
    (5, 2)   5
    (6, 2)   9
    (6, 3)   1
    (6, 4)   1
  row degree: GrB_INT64 vector: n: 7 entries: 7
    (0)   2
    (1)   2
    (2)   1
    (3)   2
    (4)   1
    (5)   1
    (6)   3
  adj transposed: GrB_INT32 matrix: 7-by-7 entries: 12
    (0, 3)   4
    (1, 0)   2
    (2, 3)   1
    (2, 5)   5
    (2, 6)   9
    (3, 0)   7
    (3, 6)   1
    (4, 1)   5
    (4, 6)   1
    (5, 2)   1
    (5, 4)   7
    (6, 1)   8
  col degree: GrB_INT64 vector: n: 7 entries: 7
    (0)   1
    (1)   1
    (2)   3
    (3)   2
    (4)   2
    (5)   2
    (6)   1

Graph: ndiag -1, symmetric structure: 0
  adj matrix: GrB_FP64 matrix: 10-by-10 entries: 17
    (0, 2)   0.5
    (0, 4)   0.3
    (1, 3)   0.1
    (1, 4)   0.3
    (1, 9)   0.12
    (2, 0)   0.53
    (2, 4)   0.62
    (2, 7)   0.21
    (2, 9)   0.52
    (4, 2)   0.69
    (4, 3)   0.53
    (4, 7)   0.1
    (5, 2)   0.23
    (5, 3)   0.39
    (6, 3)   0.83
    (7, 0)   0.39
    (8, 3)   0.69
  row degree: GrB_INT64 vector: n: 10 entries: 8
    (0)   2
    (1)   3
    (2)   4
    (4)   3
    (5)   2
    (6)   1
    (7)   1
    (8)   1
  adj transposed: GrB_FP64 matrix: 10-by-10 entries: 17
    (0, 2)   0.53
    (0, 7)   0.39
    (2, 0)   0.5
    (2, 4)   0.69
    (2, 5)   0.23
    (3, 1)   0.1
    (3, 4)   0.53
    (3, 5)   0.39
    (3, 6)   0.83
    (3, 8)   0.69
    (4, 0)   0.3
    (4, 1)   0.3
    (4, 2)   0.62
    (7, 2)   0.21
    (7, 4)   0.1
    (9, 1)   0.12
    (9, 2)   0.52
  col degree: GrB_INT64 vector: n: 10 entries: 6
    (0)   2
    (2)   3
    (3)   5
    (4)   3
    (7)   2
    (9)   2

Graph: ndiag -1, symmetric structure: 1
  adj matrix: GrB_FP64 matrix: 9-by-9 entries: 24
    (0, 1)   0.9
    (0, 2)   0.69
    (1, 0)   0.9
    (1, 2)   0.13
    (1, 3)   0.5
    (1, 6)   0.32
    (2, 0)   0.69
    (2, 1)   0.13
    (3, 1)   0.5
    (3, 4)   0.63
    (3, 6)   0.12
    (4, 3)   0.63
    (4, 5)   0.53
    (4, 6)   0.64
    (4, 7)   0.23
    (4, 8)   0.63
    (5, 4)   0.53
    (5, 7)   0.36
    (6, 1)   0.32
    (6, 3)   0.12
    (6, 4)   0.64
    (7, 4)   0.23
    (7, 5)   0.36
    (8, 4)   0.63
  row degree: GrB_INT64 vector: n: 9 entries: 9
    (0)   2
    (1)   4
    (2)   2
    (3)   3
    (4)   5
    (5)   2
    (6)   3
    (7)   2
    (8)   1

Graph: ndiag -1, symmetric structure: 1
  adj matrix: GrB_BOOL matrix: 7-by-7 entries: 30
    (0, 1)   1
    (0, 2)   1
    (0, 6)   1
    (1, 0)   1
    (1, 2)   1
    (1, 3)   1
    (1, 4)   1
    (1, 5)   1
    (2, 0)   1
    (2, 1)   1
    (2, 3)   1
    (2, 5)   1
    (2, 6)   1
    (3, 1)   1
    (3, 2)   1
    (3, 4)   1
    (3, 5)   1
    (3, 6)   1
    (4, 1)   1
    (4, 3)   1
    (4, 6)   1
    (5, 1)   1
    (5, 2)   1
    (5, 3)   1
    (5, 6)   1
    (6, 0)   1
    (6, 2)   1
    (6, 3)   1
    (6, 4)   1
    (6, 5)   1
  row degree: GrB_INT64 vector: n: 7 entries: 7
    (0)   3
    (1)   5
    (2)   5
    (3)   5
    (4)   3
    (5)   4
    (6)   5

Graph: ndiag -1, symmetric structure: 1
  adj matrix: GrB_FP64 matrix: 2003-by-2003 entries: 83883
    (0, 0)   2.77281e+08
    (0, 1)   3.10192e+06
    (0, 2)   -5.11313e+07
    (0, 3)   -1.31227e+06
    (0, 4)   -6.12603e+07
    (0, 5)   1.0235e+09
    (0, 6)   -4.75432e+07
    (0, 7)   -1.32204e+06
    (0, 8)   3.74131e+06
    (0, 9)   1.24027e+06
    (0, 10)   84564.5
    (0, 11)   -3.7798e+07
    (0, 36)   -2.03602e+08
    (0, 40)   6.09325e+07
    (0, 41)   1.0613e+09
    (0, 156)   -1.59304e+07
    (0, 157)   -1.11585e+06
    (0, 158)   5.11313e+07
    (0, 159)   1.24027e+06
    (0, 160)   84564.5
    (0, 161)   264.818
    (0, 162)   -1.16509e+07
    (0, 163)   -664028
    (0, 164)   -3.74131e+06
    (0, 165)   -1.31227e+06
    (0, 166)   -6.12603e+07
    (0, 167)   26864.5
    (0, 168)   1.44571e+06
    (0, 172)   6.09325e+07
    (0, 173)   26599.7
    ...
  row degree: GrB_INT64 vector: n: 2003 entries: 2003
    (0)   30
    (1)   28
    (2)   21
    (3)   24
    (4)   28
    (5)   26
    (6)   36
    (7)   36
    (8)   24
    (9)   33
    (10)   33
    (11)   30
    (12)   36
    (13)   36
    (14)   24
    (15)   33
    (16)   33
    (17)   30
    (18)   36
    (19)   36
    (20)   24
    (21)   33
    (22)   33
    (23)   30
    (24)   30
    (25)   28
    (26)   21
    (27)   24
    (28)   28
    (29)   26
    ...
[ OK ]
Test Property_DeleteProperties_brutal...        [ OK ]
SUCCESS: All unit tests have passed.
<end of output>
Test time =   0.10 sec
----------------------------------------------------------
Test Passed.
"ctest_DeleteProperties" end time: Dec 07 10:31 EST
"ctest_DeleteProperties" time elapsed: 00:00:00
----------------------------------------------------------

6/40 Testing: ctest_DisplayGraph
6/40 Test: ctest_DisplayGraph
Command: "/home/afanasyev/LAGraph/build/src/test/test_DisplayGraph"
Directory: /home/afanasyev/LAGraph/build/src/test
"ctest_DisplayGraph" start time: Dec 07 10:31 EST
Output:
----------------------------------------------------------
Test DisplayGraph...                            
############################# TRIAL: 0

########### cover.mtx: pr: -1 (nothing)

########### cover.mtx: pr: 0 (single line)
Graph: kind: directed, nodes: 7 entries: 12 type: int32

########### cover.mtx: pr: 1 (terse)
Graph: kind: directed, nodes: 7 entries: 12 type: int32
  structural symmetry: unknown
  adjacency matrix: GrB_INT32 matrix: 7-by-7 entries: 12

########### cover.mtx: pr: 2 (summary)
Graph: kind: directed, nodes: 7 entries: 12 type: int32
  structural symmetry: unknown
  adjacency matrix: GrB_INT32 matrix: 7-by-7 entries: 12
    (0, 1)   2
    (0, 3)   7
    (1, 4)   5
    (1, 6)   8
    (2, 5)   1
    (3, 0)   4
    (3, 2)   1
    (4, 5)   7
    (5, 2)   5
    (6, 2)   9
    (6, 3)   1
    (6, 4)   1

########### cover.mtx: pr: 3 (all)
Graph: kind: directed, nodes: 7 entries: 12 type: int32
  structural symmetry: unknown
  adjacency matrix: GrB_INT32 matrix: 7-by-7 entries: 12
    (0, 1)   2
    (0, 3)   7
    (1, 4)   5
    (1, 6)   8
    (2, 5)   1
    (3, 0)   4
    (3, 2)   1
    (4, 5)   7
    (5, 2)   5
    (6, 2)   9
    (6, 3)   1
    (6, 4)   1

########### cover.mtx: pr: 4 (summary (doubles in full precision))
Graph: kind: directed, nodes: 7 entries: 12 type: int32
  structural symmetry: unknown
  adjacency matrix: GrB_INT32 matrix: 7-by-7 entries: 12
    (0, 1)   2
    (0, 3)   7
    (1, 4)   5
    (1, 6)   8
    (2, 5)   1
    (3, 0)   4
    (3, 2)   1
    (4, 5)   7
    (5, 2)   5
    (6, 2)   9
    (6, 3)   1
    (6, 4)   1

########### cover.mtx: pr: 5 (all (doubles in full precision))
Graph: kind: directed, nodes: 7 entries: 12 type: int32
  structural symmetry: unknown
  adjacency matrix: GrB_INT32 matrix: 7-by-7 entries: 12
    (0, 1)   2
    (0, 3)   7
    (1, 4)   5
    (1, 6)   8
    (2, 5)   1
    (3, 0)   4
    (3, 2)   1
    (4, 5)   7
    (5, 2)   5
    (6, 2)   9
    (6, 3)   1
    (6, 4)   1

############################# TRIAL: 1

########### cover.mtx: pr: -1 (nothing)

########### cover.mtx: pr: 0 (single line)
Graph: kind: directed, nodes: 7 entries: 12 type: int32

########### cover.mtx: pr: 1 (terse)
Graph: kind: directed, nodes: 7 entries: 12 type: int32
  structural symmetry: unsymmetric  self-edges: 0
  adjacency matrix: GrB_INT32 matrix: 7-by-7 entries: 12
  adjacency matrix transposed: GrB_INT32 matrix: 7-by-7 entries: 12

########### cover.mtx: pr: 2 (summary)
Graph: kind: directed, nodes: 7 entries: 12 type: int32
  structural symmetry: unsymmetric  self-edges: 0
  adjacency matrix: GrB_INT32 matrix: 7-by-7 entries: 12
    (0, 1)   2
    (0, 3)   7
    (1, 4)   5
    (1, 6)   8
    (2, 5)   1
    (3, 0)   4
    (3, 2)   1
    (4, 5)   7
    (5, 2)   5
    (6, 2)   9
    (6, 3)   1
    (6, 4)   1
  adjacency matrix transposed: GrB_INT32 matrix: 7-by-7 entries: 12
    (0, 3)   4
    (1, 0)   2
    (2, 3)   1
    (2, 5)   5
    (2, 6)   9
    (3, 0)   7
    (3, 6)   1
    (4, 1)   5
    (4, 6)   1
    (5, 2)   1
    (5, 4)   7
    (6, 1)   8

########### cover.mtx: pr: 3 (all)
Graph: kind: directed, nodes: 7 entries: 12 type: int32
  structural symmetry: unsymmetric  self-edges: 0
  adjacency matrix: GrB_INT32 matrix: 7-by-7 entries: 12
    (0, 1)   2
    (0, 3)   7
    (1, 4)   5
    (1, 6)   8
    (2, 5)   1
    (3, 0)   4
    (3, 2)   1
    (4, 5)   7
    (5, 2)   5
    (6, 2)   9
    (6, 3)   1
    (6, 4)   1
  adjacency matrix transposed: GrB_INT32 matrix: 7-by-7 entries: 12
    (0, 3)   4
    (1, 0)   2
    (2, 3)   1
    (2, 5)   5
    (2, 6)   9
    (3, 0)   7
    (3, 6)   1
    (4, 1)   5
    (4, 6)   1
    (5, 2)   1
    (5, 4)   7
    (6, 1)   8

########### cover.mtx: pr: 4 (summary (doubles in full precision))
Graph: kind: directed, nodes: 7 entries: 12 type: int32
  structural symmetry: unsymmetric  self-edges: 0
  adjacency matrix: GrB_INT32 matrix: 7-by-7 entries: 12
    (0, 1)   2
    (0, 3)   7
    (1, 4)   5
    (1, 6)   8
    (2, 5)   1
    (3, 0)   4
    (3, 2)   1
    (4, 5)   7
    (5, 2)   5
    (6, 2)   9
    (6, 3)   1
    (6, 4)   1
  adjacency matrix transposed: GrB_INT32 matrix: 7-by-7 entries: 12
    (0, 3)   4
    (1, 0)   2
    (2, 3)   1
    (2, 5)   5
    (2, 6)   9
    (3, 0)   7
    (3, 6)   1
    (4, 1)   5
    (4, 6)   1
    (5, 2)   1
    (5, 4)   7
    (6, 1)   8

########### cover.mtx: pr: 5 (all (doubles in full precision))
Graph: kind: directed, nodes: 7 entries: 12 type: int32
  structural symmetry: unsymmetric  self-edges: 0
  adjacency matrix: GrB_INT32 matrix: 7-by-7 entries: 12
    (0, 1)   2
    (0, 3)   7
    (1, 4)   5
    (1, 6)   8
    (2, 5)   1
    (3, 0)   4
    (3, 2)   1
    (4, 5)   7
    (5, 2)   5
    (6, 2)   9
    (6, 3)   1
    (6, 4)   1
  adjacency matrix transposed: GrB_INT32 matrix: 7-by-7 entries: 12
    (0, 3)   4
    (1, 0)   2
    (2, 3)   1
    (2, 5)   5
    (2, 6)   9
    (3, 0)   7
    (3, 6)   1
    (4, 1)   5
    (4, 6)   1
    (5, 2)   1
    (5, 4)   7
    (6, 1)   8

############################# TRIAL: 0

########### ldbc-directed-example.mtx: pr: -1 (nothing)

########### ldbc-directed-example.mtx: pr: 0 (single line)
Graph: kind: directed, nodes: 10 entries: 18 type: double

########### ldbc-directed-example.mtx: pr: 1 (terse)
Graph: kind: directed, nodes: 10 entries: 18 type: double
  structural symmetry: unknown
  adjacency matrix: GrB_FP64 matrix: 10-by-10 entries: 18

########### ldbc-directed-example.mtx: pr: 2 (summary)
Graph: kind: directed, nodes: 10 entries: 18 type: double
  structural symmetry: unknown
  adjacency matrix: GrB_FP64 matrix: 10-by-10 entries: 18
    (0, 1)   3.14159
    (0, 2)   0.5
    (0, 4)   0.3
    (1, 3)   0.1
    (1, 4)   0.3
    (1, 9)   0.12
    (2, 0)   0.53
    (2, 4)   0.62
    (2, 7)   0.21
    (2, 9)   0.52
    (4, 2)   0.69
    (4, 3)   0.53
    (4, 7)   0.1
    (5, 2)   0.23
    (5, 3)   0.39
    (6, 3)   0.83
    (7, 0)   0.39
    (8, 3)   0.69

########### ldbc-directed-example.mtx: pr: 3 (all)
Graph: kind: directed, nodes: 10 entries: 18 type: double
  structural symmetry: unknown
  adjacency matrix: GrB_FP64 matrix: 10-by-10 entries: 18
    (0, 1)   3.14159
    (0, 2)   0.5
    (0, 4)   0.3
    (1, 3)   0.1
    (1, 4)   0.3
    (1, 9)   0.12
    (2, 0)   0.53
    (2, 4)   0.62
    (2, 7)   0.21
[...]

Sparse random int64:
GrB_INT64 vector: n: 8 entries: 4
    (0)   -1911501690327216603
    (2)   3372718982229439569
    (4)   2892613603507214975
    (6)   8176834277137580203

Sparse random double: n 8
GrB_FP64 vector: n: 8 entries: 4
    (0)   0.895180241741291
    (2)   0.549861040460146
    (4)   0.142047560992073
    (6)   0.546739803453485

Sparse random float: n 8
GrB_FP32 vector: n: 8 entries: 4
    (0)   0.08954209
    (2)   0.4503002
    (4)   0.748566
    (6)   0.8593355

=============================== seed: 987

Dense random seed:
GrB_INT64 vector: n: 8 entries: 8
    (0)   -7206400794806183388
    (1)   -1133768615760403871
    (2)   4938863563285375646
    (3)   -7435248331378396453
    (4)   -1362616152332616936
    (5)   4710016026713162581
    (6)   -7664095867950609518
    (7)   -1591463688904830001

Dense random int64:
GrB_INT64 vector: n: 8 entries: 8
    (0)   -4587267451938298877
    (1)   -6556632032149792998
    (2)   -5067337648435852751
    (3)   -3578008085718336186
    (4)   216847842969841757
    (5)   1706177406761034611
    (6)   3195471788327589514
    (7)   2378887982750648737

Dense random double:
GrB_FP64 vector: n: 8 entries: 8
    (0)   0.672722078085801
    (1)   0.250072014071976
    (2)   0.0149200424766967
    (3)   0.904752812790831
    (4)   0.669600841195551
    (5)   0.43444696236805
    (6)   0.261787361727477
    (7)   0.089127760970493

Dense random float:
GrB_FP32 vector: n: 8 entries: 8
    (0)   0.8320618
    (1)   0.8562004
    (2)   0.8803371
    (3)   0.1544643
    (4)   0.2410971
    (5)   0.2652358
    (6)   0.6018534
    (7)   0.625992

Sparse random seed:
GrB_INT64 vector: n: 8 entries: 4
    (0)   -7206400794806183388
    (2)   4938863563285375646
    (4)   -1362616152332616936
    (6)   -7664095867950609518

Sparse random int64:
GrB_INT64 vector: n: 8 entries: 4
    (0)   -4587267451938298877
    (2)   -5067337648435852751
    (4)   216847842969841757
    (6)   3195471788327589514

Sparse random double: n 8
GrB_FP64 vector: n: 8 entries: 4
    (0)   0.672722078085801
    (2)   0.0149200424766967
    (4)   0.669600841195551
    (6)   0.261787361727477

Sparse random float: n 8
GrB_FP32 vector: n: 8 entries: 4
    (0)   0.8320618
    (2)   0.8803371
    (4)   0.2410971
    (6)   0.6018534
[ OK ]
SUCCESS: All unit tests have passed.
<end of output>
Test time =   0.00 sec
----------------------------------------------------------
Test Passed.
"ctest_Random" end time: Dec 07 10:31 EST
"ctest_Random" time elapsed: 00:00:00
----------------------------------------------------------

39/40 Testing: ctest_TriangleCentrality
39/40 Test: ctest_TriangleCentrality
Command: "/home/afanasyev/LAGraph/build/experimental/test/test_TriangleCentrality"
Directory: /home/afanasyev/LAGraph/build/experimental/test
"ctest_TriangleCentrality" start time: Dec 07 10:31 EST
Output:
----------------------------------------------------------
Test TriangleCentrality...                      
================================== A.mtx:

Method: 0
# of triangles: 11

centrality:
GrB_FP64 vector: n: 7 entries: 7
    (0)   0.575758
    (1)   0.848485
    (2)   0.939394
    (3)   0.939394
    (4)   0.575758
    (5)   0.878788
    (6)   0.848485

Method: 1
# of triangles: 11

centrality:
GrB_FP64 vector: n: 7 entries: 7
    (0)   0.575758
    (1)   0.848485
    (2)   0.939394
    (3)   0.939394
    (4)   0.575758
    (5)   0.878788
    (6)   0.848485

Method: 2
# of triangles: 11

centrality:
GrB_FP64 vector: n: 7 entries: 7
    (0)   0.575758
    (1)   0.848485
    (2)   0.939394
    (3)   0.939394
    (4)   0.575758
    (5)   0.878788
    (6)   0.848485

Method: 3
# of triangles: 11

centrality:
GrB_FP64 vector: n: 7 entries: 7
    (0)   0.575758
    (1)   0.848485
    (2)   0.939394
    (3)   0.939394
    (4)   0.575758
    (5)   0.878788
    (6)   0.848485

================================== jagmesh7.mtx:
graph has 1138 self edges
now has 0 self edges

Method: 0
# of triangles: 2016

centrality:
GrB_FP64 vector: n: 1138 entries: 1138
    (0)   0.00347222
    (1)   0.00595238
    (2)   0.00694444
    (3)   0.00694444
    (4)   0.00694444
    (5)   0.00595238
    (6)   0.00347222
    (7)   0.00595238
    (8)   0.00694444
    (9)   0.00694444
    (10)   0.00694444
    (11)   0.00595238
    (12)   0.00347222
    (13)   0.00347222
    (14)   0.00347222
    (15)   0.00347222
    (16)   0.00347222
    (17)   0.00347222
    (18)   0.00595238
    (19)   0.00694444
    (20)   0.00694444
    (21)   0.00694444
    (22)   0.00595238
    (23)   0.00694444
    (24)   0.00694444
    (25)   0.00595238
    (26)   0.00694444
    (27)   0.00595238
    (28)   0.00595238
    (29)   0.00694444
    ...

Method: 1
# of triangles: 2016

centrality:
GrB_FP64 vector: n: 1138 entries: 1138
    (0)   0.00347222
    (1)   0.00595238
    (2)   0.00694444
    (3)   0.00694444
    (4)   0.00694444
    (5)   0.00595238
    (6)   0.00347222
    (7)   0.00595238
    (8)   0.00694444
    (9)   0.00694444
    (10)   0.00694444
    (11)   0.00595238
    (12)   0.00347222
    (13)   0.00347222
    (14)   0.00347222
    (15)   0.00347222
    (16)   0.00347222
    (17)   0.00347222
    (18)   0.00595238
    (19)   0.00694444
    (20)   0.00694444
    (21)   0.00694444
    (22)   0.00595238
    (23)   0.00694444
    (24)   0.00694444
    (25)   0.00595238
    (26)   0.00694444
    (27)   0.00595238
    (28)   0.00595238
    (29)   0.00694444
    ...

Method: 2
# of triangles: 2016

centrality:
GrB_FP64 vector: n: 1138 entries: 1138
    (0)   0.00347222
    (1)   0.00595238
    (2)   0.00694444
    (3)   0.00694444
    (4)   0.00694444
    (5)   0.00595238
    (6)   0.00347222
    (7)   0.00595238
    (8)   0.00694444
    (9)   0.00694444
    (10)   0.00694444
    (11)   0.00595238
    (12)   0.00347222
    (13)   0.00347222
    (14)   0.00347222
    (15)   0.00347222
    (16)   0.00347222
    (17)   0.00347222
    (18)   0.00595238
    (19)   0.00694444
    (20)   0.00694444
    (21)   0.00694444
    (22)   0.00595238
    (23)   0.00694444
    (24)   0.00694444
    (25)   0.00595238
    (26)   0.00694444
    (27)   0.00595238
    (28)   0.00595238
    (29)   0.00694444
    ...

Method: 3
# of triangles: 2016

centrality:
GrB_FP64 vector: n: 1138 entries: 1138
    (0)   0.00347222
    (1)   0.00595238
    (2)   0.00694444
    (3)   0.00694444
    (4)   0.00694444
    (5)   0.00595238
    (6)   0.00347222
    (7)   0.00595238
    (8)   0.00694444
    (9)   0.00694444
    (10)   0.00694444
    (11)   0.00595238
    (12)   0.00347222
    (13)   0.00347222
    (14)   0.00347222
    (15)   0.00347222
    (16)   0.00347222
    (17)   0.00347222
    (18)   0.00595238
    (19)   0.00694444
    (20)   0.00694444
    (21)   0.00694444
    (22)   0.00595238
    (23)   0.00694444
    (24)   0.00694444
    (25)   0.00595238
    (26)   0.00694444
    (27)   0.00595238
    (28)   0.00595238
    (29)   0.00694444
    ...

================================== bcsstk13.mtx:
graph has 2003 self edges
now has 0 self edges

Method: 0
# of triangles: 342300

centrality:
GrB_FP64 vector: n: 2003 entries: 2003
    (0)   0.00827247
    (1)   0.00769208
    (2)   0.00478528
    (3)   0.00720615
    (4)   0.00791119
    (5)   0.00763365
    (6)   0.0124141
    (7)   0.0124141
    (8)   0.00769111
    (9)   0.0117879
    (10)   0.0117879
    (11)   0.0113429
    (12)   0.0144649
    (13)   0.0144649
    (14)   0.00895706
    (15)   0.0137589
    (16)   0.0137589
    (17)   0.0132545
    (18)   0.0128036
    (19)   0.0128036
    (20)   0.00797936
    (21)   0.0121258
    (22)   0.0121258
    (23)   0.0116779
    (24)   0.00836303
    (25)   0.00807089
    (26)   0.00505794
    (27)   0.00753335
    (28)   0.00795014
    (29)   0.00766969
    ...

Method: 1
# of triangles: 342300

centrality:
GrB_FP64 vector: n: 2003 entries: 2003
    (0)   0.00827247
    (1)   0.00769208
    (2)   0.00478528
    (3)   0.00720615
    (4)   0.00791119
    (5)   0.00763365
    (6)   0.0124141
    (7)   0.0124141
    (8)   0.00769111
    (9)   0.0117879
    (10)   0.0117879
    (11)   0.0113429
    (12)   0.0144649
    (13)   0.0144649
    (14)   0.00895706
    (15)   0.0137589
    (16)   0.0137589
    (17)   0.0132545
    (18)   0.0128036
    (19)   0.0128036
    (20)   0.00797936
    (21)   0.0121258
    (22)   0.0121258
    (23)   0.0116779
    (24)   0.00836303
    (25)   0.00807089
    (26)   0.00505794
    (27)   0.00753335
    (28)   0.00795014
    (29)   0.00766969
    ...

Method: 2
# of triangles: 342300

centrality:
GrB_FP64 vector: n: 2003 entries: 2003
    (0)   0.00827247
    (1)   0.00769208
    (2)   0.00478528
    (3)   0.00720615
    (4)   0.00791119
    (5)   0.00763365
    (6)   0.0124141
    (7)   0.0124141
    (8)   0.00769111
    (9)   0.0117879
    (10)   0.0117879
    (11)   0.0113429
    (12)   0.0144649
    (13)   0.0144649
    (14)   0.00895706
    (15)   0.0137589
    (16)   0.0137589
    (17)   0.0132545
    (18)   0.0128036
    (19)   0.0128036
    (20)   0.00797936
    (21)   0.0121258
    (22)   0.0121258
    (23)   0.0116779
    (24)   0.00836303
    (25)   0.00807089
    (26)   0.00505794
    (27)   0.00753335
    (28)   0.00795014
    (29)   0.00766969
    ...

Method: 3
# of triangles: 342300

centrality:
GrB_FP64 vector: n: 2003 entries: 2003
    (0)   0.00827247
    (1)   0.00769208
    (2)   0.00478528
    (3)   0.00720615
    (4)   0.00791119
    (5)   0.00763365
    (6)   0.0124141
    (7)   0.0124141
    (8)   0.00769111
    (9)   0.0117879
    (10)   0.0117879
    (11)   0.0113429
    (12)   0.0144649
    (13)   0.0144649
    (14)   0.00895706
    (15)   0.0137589
    (16)   0.0137589
    (17)   0.0132545
    (18)   0.0128036
    (19)   0.0128036
    (20)   0.00797936
    (21)   0.0121258
    (22)   0.0121258
    (23)   0.0116779
    (24)   0.00836303
    (25)   0.00807089
    (26)   0.00505794
    (27)   0.00753335
    (28)   0.00795014
    (29)   0.00766969
    ...

================================== karate.mtx:

Method: 0
# of triangles: 45

centrality:
GrB_FP64 vector: n: 34 entries: 34
    (0)   0.674074
    (1)   0.555556
    (2)   0.644444
    (3)   0.474074
    (4)   0.185185
    (5)   0.2
    (6)   0.2
    (7)   0.422222
    (8)   0.481481
    (9)   0.577778
    (10)   0.185185
    (11)   0.4
    (12)   0.214815
    (13)   0.755556
    (14)   0.214815
    (15)   0.214815
    (16)   0.0518519
    (17)   0.22963
    (18)   0.214815
    (19)   0.562963
    (20)   0.214815
    (21)   0.22963
    (22)   0.214815
    (23)   0.296296
    (24)   0.0592593
    (25)   0.125926
    (26)   0.148148
    (27)   0.414815
    (28)   0.385185
    (29)   0.274074
    (30)   0.533333
    (31)   0.651852
    (32)   0.466667
    (33)   0.562963

Method: 1
# of triangles: 45

centrality:
GrB_FP64 vector: n: 34 entries: 34
    (0)   0.674074
    (1)   0.555556
    (2)   0.644444
    (3)   0.474074
    (4)   0.185185
    (5)   0.2
    (6)   0.2
    (7)   0.422222
    (8)   0.481481
    (9)   0.577778
    (10)   0.185185
    (11)   0.4
    (12)   0.214815
    (13)   0.755556
    (14)   0.214815
    (15)   0.214815
    (16)   0.0518519
    (17)   0.22963
    (18)   0.214815
    (19)   0.562963
    (20)   0.214815
    (21)   0.22963
    (22)   0.214815
    (23)   0.296296
    (24)   0.0592593
    (25)   0.125926
    (26)   0.148148
    (27)   0.414815
    (28)   0.385185
    (29)   0.274074
    (30)   0.533333
    (31)   0.651852
    (32)   0.466667
    (33)   0.562963

Method: 2
# of triangles: 45

centrality:
GrB_FP64 vector: n: 34 entries: 34
    (0)   0.674074
    (1)   0.555556
    (2)   0.644444
    (3)   0.474074
    (4)   0.185185
    (5)   0.2
    (6)   0.2
    (7)   0.422222
    (8)   0.481481
    (9)   0.577778
    (10)   0.185185
    (11)   0.4
    (12)   0.214815
    (13)   0.755556
    (14)   0.214815
    (15)   0.214815
    (16)   0.0518519
    (17)   0.22963
    (18)   0.214815
    (19)   0.562963
    (20)   0.214815
    (21)   0.22963
    (22)   0.214815
    (23)   0.296296
    (24)   0.0592593
    (25)   0.125926
    (26)   0.148148
    (27)   0.414815
    (28)   0.385185
    (29)   0.274074
    (30)   0.533333
    (31)   0.651852
    (32)   0.466667
    (33)   0.562963

Method: 3
# of triangles: 45

centrality:
GrB_FP64 vector: n: 34 entries: 34
    (0)   0.674074
    (1)   0.555556
    (2)   0.644444
    (3)   0.474074
    (4)   0.185185
    (5)   0.2
    (6)   0.2
    (7)   0.422222
    (8)   0.481481
    (9)   0.577778
    (10)   0.185185
    (11)   0.4
    (12)   0.214815
    (13)   0.755556
    (14)   0.214815
    (15)   0.214815
    (16)   0.0518519
    (17)   0.22963
    (18)   0.214815
    (19)   0.562963
    (20)   0.214815
    (21)   0.22963
    (22)   0.214815
    (23)   0.296296
    (24)   0.0592593
    (25)   0.125926
    (26)   0.148148
    (27)   0.414815
    (28)   0.385185
    (29)   0.274074
    (30)   0.533333
    (31)   0.651852
    (32)   0.466667
    (33)   0.562963

================================== ldbc-cdlp-undirected-example.mtx:

Method: 0
# of triangles: 6

centrality:
GrB_FP64 vector: n: 8 entries: 8
    (0)   0.333333
    (1)   0.166667
    (2)   0.166667
    (3)   0.777778
    (4)   0.833333
    (5)   0.777778
    (6)   0.666667
    (7)   0.833333

Method: 1
# of triangles: 6

centrality:
GrB_FP64 vector: n: 8 entries: 8
    (0)   0.333333
    (1)   0.166667
    (2)   0.166667
    (3)   0.777778
    (4)   0.833333
    (5)   0.777778
    (6)   0.666667
    (7)   0.833333

Method: 2
# of triangles: 6

centrality:
GrB_FP64 vector: n: 8 entries: 8
    (0)   0.333333
    (1)   0.166667
    (2)   0.166667
    (3)   0.777778
    (4)   0.833333
    (5)   0.777778
    (6)   0.666667
    (7)   0.833333

Method: 3
# of triangles: 6

centrality:
GrB_FP64 vector: n: 8 entries: 8
    (0)   0.333333
    (1)   0.166667
    (2)   0.166667
    (3)   0.777778
    (4)   0.833333
    (5)   0.777778
    (6)   0.666667
    (7)   0.833333

================================== ldbc-undirected-example-bool.mtx:

Method: 0
# of triangles: 4

centrality:
GrB_FP64 vector: n: 9 entries: 9
    (0)   0.333333
    (1)   0.666667
    (2)   0.333333
    (3)   0.666667
    (4)   0.666667
    (5)   0.333333
    (6)   0.666667
    (7)   0.333333
    (8)   0.5

Method: 1
# of triangles: 4

centrality:
GrB_FP64 vector: n: 9 entries: 9
    (0)   0.333333
    (1)   0.666667
    (2)   0.333333
    (3)   0.666667
    (4)   0.666667
    (5)   0.333333
    (6)   0.666667
    (7)   0.333333
    (8)   0.5

Method: 2
# of triangles: 4

centrality:
GrB_FP64 vector: n: 9 entries: 9
    (0)   0.333333
    (1)   0.666667
    (2)   0.333333
    (3)   0.666667
    (4)   0.666667
    (5)   0.333333
    (6)   0.666667
    (7)   0.333333
    (8)   0.5

Method: 3
# of triangles: 4

centrality:
GrB_FP64 vector: n: 9 entries: 9
    (0)   0.333333
    (1)   0.666667
    (2)   0.333333
    (3)   0.666667
    (4)   0.666667
    (5)   0.333333
    (6)   0.666667
    (7)   0.333333
    (8)   0.5

================================== ldbc-undirected-example-unweighted.mtx:

Method: 0
# of triangles: 4

centrality:
GrB_FP64 vector: n: 9 entries: 9
    (0)   0.333333
    (1)   0.666667
    (2)   0.333333
    (3)   0.666667
    (4)   0.666667
    (5)   0.333333
    (6)   0.666667
    (7)   0.333333
    (8)   0.5

Method: 1
# of triangles: 4

centrality:
GrB_FP64 vector: n: 9 entries: 9
    (0)   0.333333
    (1)   0.666667
    (2)   0.333333
    (3)   0.666667
    (4)   0.666667
    (5)   0.333333
    (6)   0.666667
    (7)   0.333333
    (8)   0.5

Method: 2
# of triangles: 4

centrality:
GrB_FP64 vector: n: 9 entries: 9
    (0)   0.333333
    (1)   0.666667
    (2)   0.333333
    (3)   0.666667
    (4)   0.666667
    (5)   0.333333
    (6)   0.666667
    (7)   0.333333
    (8)   0.5

Method: 3
# of triangles: 4

centrality:
GrB_FP64 vector: n: 9 entries: 9
    (0)   0.333333
    (1)   0.666667
    (2)   0.333333
    (3)   0.666667
    (4)   0.666667
    (5)   0.333333
    (6)   0.666667
    (7)   0.333333
    (8)   0.5

================================== ldbc-undirected-example.mtx:

Method: 0
# of triangles: 4

centrality:
GrB_FP64 vector: n: 9 entries: 9
    (0)   0.333333
    (1)   0.666667
    (2)   0.333333
    (3)   0.666667
    (4)   0.666667
    (5)   0.333333
    (6)   0.666667
    (7)   0.333333
    (8)   0.5

Method: 1
# of triangles: 4

centrality:
GrB_FP64 vector: n: 9 entries: 9
    (0)   0.333333
    (1)   0.666667
    (2)   0.333333
    (3)   0.666667
    (4)   0.666667
    (5)   0.333333
    (6)   0.666667
    (7)   0.333333
    (8)   0.5

Method: 2
# of triangles: 4

centrality:
GrB_FP64 vector: n: 9 entries: 9
    (0)   0.333333
    (1)   0.666667
    (2)   0.333333
    (3)   0.666667
    (4)   0.666667
    (5)   0.333333
    (6)   0.666667
    (7)   0.333333
    (8)   0.5

Method: 3
# of triangles: 4

centrality:
GrB_FP64 vector: n: 9 entries: 9
    (0)   0.333333
    (1)   0.666667
    (2)   0.333333
    (3)   0.666667
    (4)   0.666667
    (5)   0.333333
    (6)   0.666667
    (7)   0.333333
    (8)   0.5

================================== ldbc-wcc-example.mtx:

Method: 0
# of triangles: 5

centrality:
GrB_FP64 vector: n: 10 entries: 10
    (0)   0.866667
    (1)   0.4
    (2)   0.866667
    (3)   0.4
    (4)   1
    (5)   0.8
    (6)   0.2
    (7)   0.866667
    (8)   0.2
    (9)   0.8

Method: 1
# of triangles: 5

centrality:
GrB_FP64 vector: n: 10 entries: 10
    (0)   0.866667
    (1)   0.4
    (2)   0.866667
    (3)   0.4
    (4)   1
    (5)   0.8
    (6)   0.2
    (7)   0.866667
    (8)   0.2
    (9)   0.8

Method: 2
# of triangles: 5

centrality:
GrB_FP64 vector: n: 10 entries: 10
    (0)   0.866667
    (1)   0.4
    (2)   0.866667
    (3)   0.4
    (4)   1
    (5)   0.8
    (6)   0.2
    (7)   0.866667
    (8)   0.2
    (9)   0.8

Method: 3
# of triangles: 5

centrality:
GrB_FP64 vector: n: 10 entries: 10
    (0)   0.866667
    (1)   0.4
    (2)   0.866667
    (3)   0.4
    (4)   1
    (5)   0.8
    (6)   0.2
    (7)   0.866667
    (8)   0.2
    (9)   0.8
[ OK ]
Test TriangleCentrality_errors...               
result: -2 centrality is NULL

result: -104 graph is NULL

result: -1004 G->ndiag must be zero

result: -1005 G->A must be symmetric
[ OK ]
SUCCESS: All unit tests have passed.
<end of output>
Test time =   0.09 sec
----------------------------------------------------------
Test Passed.
"ctest_TriangleCentrality" end time: Dec 07 10:31 EST
"ctest_TriangleCentrality" time elapsed: 00:00:00
----------------------------------------------------------

40/40 Testing: ctest_dnn
40/40 Test: ctest_dnn
Command: "/home/afanasyev/LAGraph/build/experimental/test/test_dnn"
Directory: /home/afanasyev/LAGraph/build/experimental/test
"ctest_dnn" start time: Dec 07 10:31 EST
Output:
----------------------------------------------------------
Test DNN...                                     
Sparse deep neural network from https://graphchallenge.mit.edu/data-sets
# neurons: 1024, bias: -0.3
original # of layers: 120, layers used here: 30
original # of features: 60000, features used here: 1200

True categories:
GrB_BOOL vector: n: 1200 entries: 19
    (286)   1
    (294)   1
    (385)   1
    (426)   1
    (427)   1
    (528)   1
    (570)   1
    (665)   1
    (756)   1
    (942)   1
    (944)   1
    (1030)   1
    (1096)   1
    (1097)   1
    (1176)   1
    (1183)   1
    (1189)   1
    (1193)   1
    (1199)   1

Computed categories:
GrB_BOOL vector: n: 1200 entries: 19
    (286)   1
    (294)   1
    (385)   1
    (426)   1
    (427)   1
    (528)   1
    (570)   1
    (665)   1
    (756)   1
    (942)   1
    (944)   1
    (1030)   1
    (1096)   1
    (1097)   1
    (1176)   1
    (1183)   1
    (1189)   1
    (1193)   1
    (1199)   1
[ OK ]
SUCCESS: All unit tests have passed.
<end of output>
Test time =   0.86 sec
----------------------------------------------------------
Test Passed.
"ctest_dnn" end time: Dec 07 10:31 EST
"ctest_dnn" time elapsed: 00:00:00
----------------------------------------------------------

End testing: Dec 07 10:31 EST
